[ 2018-12-28T15:50:35+08:00 ] ::1 /
INFO: [ app_init ] --START--
INFO: Run Behavior\BuildLiteBehavior [ RunTime:0.000035s ]
INFO: [ app_init ] --END-- [ RunTime:0.004644s ]
INFO: [ app_begin ] --START--
INFO: Run Behavior\ReadHtmlCacheBehavior [ RunTime:0.004287s ]
INFO: [ app_begin ] --END-- [ RunTime:0.004489s ]

[ 2018-12-28T15:50:35+08:00 ] ::1 /User/login
INFO: [ app_init ] --START--
INFO: Run Behavior\BuildLiteBehavior [ RunTime:0.000038s ]
INFO: [ app_init ] --END-- [ RunTime:0.000950s ]
INFO: [ app_begin ] --START--
INFO: Run Behavior\ReadHtmlCacheBehavior [ RunTime:0.001243s ]
INFO: [ app_begin ] --END-- [ RunTime:0.001530s ]
INFO: [ view_parse ] --START--
INFO: [ template_filter ] --START--
INFO: Run Behavior\ContentReplaceBehavior [ RunTime:0.000099s ]
INFO: [ template_filter ] --END-- [ RunTime:0.000334s ]
NOTIC: [8] Undefined variable: btid /Users/tangyihang/Desktop/cai/夺宝备份/com_duobao_www/Application/Runtime/Cache/Home/37aa138004394f33bc9799658095e6a7.php 第 110 行.
NOTIC: [8] Undefined variable: btid /Users/tangyihang/Desktop/cai/夺宝备份/com_duobao_www/Application/Runtime/Cache/Home/37aa138004394f33bc9799658095e6a7.php 第 114 行.
NOTIC: [8] Undefined variable: btid /Users/tangyihang/Desktop/cai/夺宝备份/com_duobao_www/Application/Runtime/Cache/Home/37aa138004394f33bc9799658095e6a7.php 第 118 行.
NOTIC: [8] Undefined variable: btid /Users/tangyihang/Desktop/cai/夺宝备份/com_duobao_www/Application/Runtime/Cache/Home/37aa138004394f33bc9799658095e6a7.php 第 122 行.
INFO: Run Behavior\ParseTemplateBehavior [ RunTime:0.056831s ]
INFO: [ view_parse ] --END-- [ RunTime:0.057035s ]
INFO: [ view_filter ] --START--
INFO: Run Behavior\WriteHtmlCacheBehavior [ RunTime:0.003211s ]
INFO: Run Behavior\TokenBuildBehavior [ RunTime:0.003526s ]
INFO: [ view_filter ] --END-- [ RunTime:0.007030s ]
INFO: [ app_end ] --START--
INFO: Run Behavior\ShowPageTraceBehavior [ RunTime:0.004564s ]
INFO: [ app_end ] --END-- [ RunTime:0.004788s ]

[ 2018-12-28T16:50:56+08:00 ] ::1 /user/login
INFO: [ app_init ] --START--
INFO: Run Behavior\BuildLiteBehavior [ RunTime:0.000058s ]
INFO: [ app_init ] --END-- [ RunTime:0.004018s ]
INFO: [ app_begin ] --START--
INFO: Run Behavior\ReadHtmlCacheBehavior [ RunTime:0.003395s ]
INFO: [ app_begin ] --END-- [ RunTime:0.003637s ]
ERR: SQLSTATE[HY000] [1045] Access denied for user 'root'@'localhost' (using password: YES)

[ 2018-12-28T16:51:03+08:00 ] ::1 /user/login
INFO: [ app_init ] --START--
INFO: Run Behavior\BuildLiteBehavior [ RunTime:0.000032s ]
INFO: [ app_init ] --END-- [ RunTime:0.000563s ]
INFO: [ app_begin ] --START--
INFO: Run Behavior\ReadHtmlCacheBehavior [ RunTime:0.000510s ]
INFO: [ app_begin ] --END-- [ RunTime:0.000639s ]
ERR: SQLSTATE[HY000] [1045] Access denied for user 'root'@'localhost' (using password: YES)

[ 2018-12-28T16:51:08+08:00 ] ::1 /user/login
INFO: [ app_init ] --START--
INFO: Run Behavior\BuildLiteBehavior [ RunTime:0.000028s ]
INFO: [ app_init ] --END-- [ RunTime:0.000554s ]
INFO: [ app_begin ] --START--
INFO: Run Behavior\ReadHtmlCacheBehavior [ RunTime:0.000582s ]
INFO: [ app_begin ] --END-- [ RunTime:0.000693s ]
ERR: SQLSTATE[HY000] [1045] Access denied for user 'root'@'localhost' (using password: YES)

[ 2018-12-28T16:52:18+08:00 ] ::1 /User/login
INFO: [ app_init ] --START--
INFO: Run Behavior\BuildLiteBehavior [ RunTime:0.000058s ]
INFO: [ app_init ] --END-- [ RunTime:0.004072s ]
INFO: [ app_begin ] --START--
INFO: Run Behavior\ReadHtmlCacheBehavior [ RunTime:0.003186s ]
INFO: [ app_begin ] --END-- [ RunTime:0.003561s ]
INFO: [ view_parse ] --START--
INFO: [ template_filter ] --START--
INFO: Run Behavior\ContentReplaceBehavior [ RunTime:0.000153s ]
INFO: [ template_filter ] --END-- [ RunTime:0.000408s ]
NOTIC: [8] Undefined variable: btid /Users/tangyihang/Desktop/cai/夺宝备份/com_duobao_www/Application/Runtime/Cache/Home/37aa138004394f33bc9799658095e6a7.php 第 110 行.
NOTIC: [8] Undefined variable: btid /Users/tangyihang/Desktop/cai/夺宝备份/com_duobao_www/Application/Runtime/Cache/Home/37aa138004394f33bc9799658095e6a7.php 第 114 行.
NOTIC: [8] Undefined variable: btid /Users/tangyihang/Desktop/cai/夺宝备份/com_duobao_www/Application/Runtime/Cache/Home/37aa138004394f33bc9799658095e6a7.php 第 118 行.
NOTIC: [8] Undefined variable: btid /Users/tangyihang/Desktop/cai/夺宝备份/com_duobao_www/Application/Runtime/Cache/Home/37aa138004394f33bc9799658095e6a7.php 第 122 行.
INFO: Run Behavior\ParseTemplateBehavior [ RunTime:0.050851s ]
INFO: [ view_parse ] --END-- [ RunTime:0.051100s ]
INFO: [ view_filter ] --START--
INFO: Run Behavior\WriteHtmlCacheBehavior [ RunTime:0.000749s ]
INFO: Run Behavior\TokenBuildBehavior [ RunTime:0.004213s ]
INFO: [ view_filter ] --END-- [ RunTime:0.005369s ]
INFO: [ app_end ] --START--
INFO: Run Behavior\ShowPageTraceBehavior [ RunTime:0.003824s ]
INFO: [ app_end ] --END-- [ RunTime:0.004376s ]

[ 2018-12-28T16:52:29+08:00 ] ::1 /user/login
INFO: [ app_init ] --START--
INFO: Run Behavior\BuildLiteBehavior [ RunTime:0.000030s ]
INFO: [ app_init ] --END-- [ RunTime:0.000605s ]
INFO: [ app_begin ] --START--
INFO: Run Behavior\ReadHtmlCacheBehavior [ RunTime:0.001580s ]
INFO: [ app_begin ] --END-- [ RunTime:0.001759s ]
SQL: SHOW COLUMNS FROM `sh_user` [ RunTime:0.0379s ]
SQL: SELECT * FROM `sh_user` WHERE `phone` = '13987654321' LIMIT 1   [ RunTime:0.0108s ]

[ 2018-12-28T16:52:29+08:00 ] ::1 /
INFO: [ app_init ] --START--
INFO: Run Behavior\BuildLiteBehavior [ RunTime:0.000053s ]
INFO: [ app_init ] --END-- [ RunTime:0.002093s ]
INFO: [ app_begin ] --START--
INFO: Run Behavior\ReadHtmlCacheBehavior [ RunTime:0.000718s ]
INFO: [ app_begin ] --END-- [ RunTime:0.000860s ]
SQL: SHOW COLUMNS FROM `sh_set` [ RunTime:0.0190s ]
SQL: SELECT * FROM `sh_set` LIMIT 1   [ RunTime:0.0008s ]
SQL: SHOW COLUMNS FROM `sh_user` [ RunTime:0.0086s ]
SQL: SELECT * FROM `sh_user` WHERE `id` = 1 LIMIT 1   [ RunTime:0.0074s ]
SQL: SHOW COLUMNS FROM `sh_goods` [ RunTime:0.0167s ]
SQL: SHOW COLUMNS FROM `sh_catagory` [ RunTime:0.0139s ]
SQL: SELECT * FROM `sh_catagory`  [ RunTime:0.0006s ]
SQL: SHOW COLUMNS FROM `sh_goods` [ RunTime:0.0074s ]
SQL: SELECT * FROM `sh_goods`  [ RunTime:0.0006s ]
SQL: SHOW COLUMNS FROM `sh_order` [ RunTime:0.0241s ]
SQL: SHOW COLUMNS FROM `sh_order` [ RunTime:0.0076s ]
SQL: SHOW COLUMNS FROM `sh_order` [ RunTime:0.0075s ]
SQL: SELECT u.nickname,u.headimgurl,u.phone,o.goods_name,o.goods_num,o.create_time FROM sh_order as o INNER JOIN sh_user as u ON u.id = o.user_id  WHERE `pay_status` = 1 ORDER BY o.id desc LIMIT 60   [ RunTime:0.0066s ]
SQL: SHOW COLUMNS FROM `sh_order` [ RunTime:0.0084s ]
SQL: SELECT u.nickname,u.headimgurl,u.phone,o.goods_name,o.goods_num,o.create_time FROM sh_order as o INNER JOIN sh_user as u ON u.id = o.user_id  WHERE `pay_status` = 1 AND `result` = 2 ORDER BY o.id desc LIMIT 60   [ RunTime:0.0031s ]
INFO: [ view_parse ] --START--
INFO: [ template_filter ] --START--
INFO: Run Behavior\ContentReplaceBehavior [ RunTime:0.000073s ]
INFO: [ template_filter ] --END-- [ RunTime:0.000195s ]
INFO: Run Behavior\ParseTemplateBehavior [ RunTime:0.088616s ]
INFO: [ view_parse ] --END-- [ RunTime:0.088906s ]
INFO: [ view_filter ] --START--
INFO: Run Behavior\WriteHtmlCacheBehavior [ RunTime:0.000994s ]
INFO: Run Behavior\TokenBuildBehavior [ RunTime:0.001450s ]
INFO: [ view_filter ] --END-- [ RunTime:0.004209s ]
INFO: [ app_end ] --START--
INFO: Run Behavior\ShowPageTraceBehavior [ RunTime:0.002039s ]
INFO: [ app_end ] --END-- [ RunTime:0.002402s ]

[ 2018-12-28T17:14:24+08:00 ] ::1 /index
INFO: [ app_init ] --START--
INFO: Run Behavior\BuildLiteBehavior [ RunTime:0.000060s ]
INFO: [ app_init ] --END-- [ RunTime:0.004248s ]
INFO: [ app_begin ] --START--
INFO: Run Behavior\ReadHtmlCacheBehavior [ RunTime:0.003671s ]
INFO: [ app_begin ] --END-- [ RunTime:0.004130s ]
SQL: SHOW COLUMNS FROM `sh_set` [ RunTime:0.0111s ]
SQL: SELECT * FROM `sh_set` LIMIT 1   [ RunTime:0.0005s ]
SQL: SHOW COLUMNS FROM `sh_user` [ RunTime:0.0073s ]
SQL: SELECT * FROM `sh_user` WHERE `id` = 1 LIMIT 1   [ RunTime:0.0003s ]
SQL: SHOW COLUMNS FROM `sh_goods` [ RunTime:0.0080s ]
SQL: SHOW COLUMNS FROM `sh_catagory` [ RunTime:0.0078s ]
SQL: SELECT * FROM `sh_catagory`  [ RunTime:0.0004s ]
SQL: SHOW COLUMNS FROM `sh_goods` [ RunTime:0.0076s ]
SQL: SELECT * FROM `sh_goods`  [ RunTime:0.0005s ]
SQL: SHOW COLUMNS FROM `sh_order` [ RunTime:0.0090s ]
SQL: SHOW COLUMNS FROM `sh_order` [ RunTime:0.0084s ]
SQL: SHOW COLUMNS FROM `sh_order` [ RunTime:0.0084s ]
SQL: SELECT u.nickname,u.headimgurl,u.phone,o.goods_name,o.goods_num,o.create_time FROM sh_order as o INNER JOIN sh_user as u ON u.id = o.user_id  WHERE `pay_status` = 1 ORDER BY o.id desc LIMIT 60   [ RunTime:0.0006s ]
SQL: SHOW COLUMNS FROM `sh_order` [ RunTime:0.0088s ]
SQL: SELECT u.nickname,u.headimgurl,u.phone,o.goods_name,o.goods_num,o.create_time FROM sh_order as o INNER JOIN sh_user as u ON u.id = o.user_id  WHERE `pay_status` = 1 AND `result` = 2 ORDER BY o.id desc LIMIT 60   [ RunTime:0.0004s ]
INFO: [ view_parse ] --START--
INFO: [ template_filter ] --START--
INFO: Run Behavior\ContentReplaceBehavior [ RunTime:0.000148s ]
INFO: [ template_filter ] --END-- [ RunTime:0.000369s ]
INFO: Run Behavior\ParseTemplateBehavior [ RunTime:0.077226s ]
INFO: [ view_parse ] --END-- [ RunTime:0.077500s ]
INFO: [ view_filter ] --START--
INFO: Run Behavior\WriteHtmlCacheBehavior [ RunTime:0.001083s ]
INFO: Run Behavior\TokenBuildBehavior [ RunTime:0.001622s ]
INFO: [ view_filter ] --END-- [ RunTime:0.003004s ]
INFO: [ app_end ] --START--
INFO: Run Behavior\ShowPageTraceBehavior [ RunTime:0.004167s ]
INFO: [ app_end ] --END-- [ RunTime:0.004376s ]

[ 2018-12-28T17:14:29+08:00 ] ::1 /rank/look
INFO: [ app_init ] --START--
INFO: Run Behavior\BuildLiteBehavior [ RunTime:0.000047s ]
INFO: [ app_init ] --END-- [ RunTime:0.000778s ]
INFO: [ app_begin ] --START--
INFO: Run Behavior\ReadHtmlCacheBehavior [ RunTime:0.000789s ]
INFO: [ app_begin ] --END-- [ RunTime:0.001070s ]
SQL: SHOW COLUMNS FROM `sh_set` [ RunTime:0.0070s ]
SQL: SELECT * FROM `sh_set` LIMIT 1   [ RunTime:0.0004s ]
SQL: SHOW COLUMNS FROM `sh_award_log` [ RunTime:0.0166s ]
SQL: SELECT * FROM `sh_award_log` ORDER BY id desc LIMIT 0,15   [ RunTime:0.0005s ]
SQL: SHOW COLUMNS FROM `sh_order` [ RunTime:0.0071s ]
INFO: [ view_parse ] --START--
INFO: [ template_filter ] --START--
INFO: Run Behavior\ContentReplaceBehavior [ RunTime:0.000069s ]
INFO: [ template_filter ] --END-- [ RunTime:0.000188s ]
INFO: Run Behavior\ParseTemplateBehavior [ RunTime:0.029802s ]
INFO: [ view_parse ] --END-- [ RunTime:0.030235s ]
INFO: [ view_filter ] --START--
INFO: Run Behavior\WriteHtmlCacheBehavior [ RunTime:0.000910s ]
INFO: Run Behavior\TokenBuildBehavior [ RunTime:0.000490s ]
INFO: [ view_filter ] --END-- [ RunTime:0.001873s ]
INFO: [ app_end ] --START--
INFO: Run Behavior\ShowPageTraceBehavior [ RunTime:0.000892s ]
INFO: [ app_end ] --END-- [ RunTime:0.001120s ]

[ 2018-12-28T18:02:20+08:00 ] ::1 /?id=9981.901196308721
INFO: [ app_init ] --START--
INFO: Run Behavior\BuildLiteBehavior [ RunTime:0.000051s ]
INFO: [ app_init ] --END-- [ RunTime:0.004005s ]
INFO: [ app_begin ] --START--
INFO: Run Behavior\ReadHtmlCacheBehavior [ RunTime:0.004245s ]
INFO: [ app_begin ] --END-- [ RunTime:0.004465s ]
ERR: SQLSTATE[HY000] [2002] Connection refused

