[ 2018-12-29T18:06:50+08:00 ] ::1 /admin/member/login
INFO: [ app_init ] --START--
INFO: Run Behavior\BuildLiteBehavior [ RunTime:0.000050s ]
INFO: [ app_init ] --END-- [ RunTime:0.001955s ]
INFO: [ app_begin ] --START--
INFO: Run Behavior\ReadHtmlCacheBehavior [ RunTime:0.001121s ]
INFO: [ app_begin ] --END-- [ RunTime:0.001356s ]
INFO: [ view_parse ] --START--
INFO: [ template_filter ] --START--
INFO: Run Behavior\ContentReplaceBehavior [ RunTime:0.000062s ]
INFO: [ template_filter ] --END-- [ RunTime:0.000189s ]
INFO: Run Behavior\ParseTemplateBehavior [ RunTime:0.014541s ]
INFO: [ view_parse ] --END-- [ RunTime:0.014724s ]
INFO: [ view_filter ] --START--
INFO: Run Behavior\WriteHtmlCacheBehavior [ RunTime:0.000363s ]
INFO: Run Behavior\TokenBuildBehavior [ RunTime:0.000430s ]
INFO: [ view_filter ] --END-- [ RunTime:0.001059s ]
INFO: [ app_end ] --START--
INFO: Run Behavior\ShowPageTraceBehavior [ RunTime:0.000702s ]
INFO: [ app_end ] --END-- [ RunTime:0.000851s ]

[ 2018-12-29T18:06:50+08:00 ] ::1 /admin/member/piccode
INFO: [ app_init ] --START--
INFO: Run Behavior\BuildLiteBehavior [ RunTime:0.000206s ]
INFO: [ app_init ] --END-- [ RunTime:0.001879s ]
INFO: [ app_begin ] --START--
INFO: Run Behavior\ReadHtmlCacheBehavior [ RunTime:0.000866s ]
INFO: [ app_begin ] --END-- [ RunTime:0.001019s ]
INFO: [ app_end ] --START--
INFO: Run Behavior\ShowPageTraceBehavior [ RunTime:0.001208s ]
INFO: [ app_end ] --END-- [ RunTime:0.001484s ]

[ 2018-12-29T18:06:53+08:00 ] ::1 /admin/member/piccode?0.781471187375198
INFO: [ app_init ] --START--
INFO: Run Behavior\BuildLiteBehavior [ RunTime:0.000037s ]
INFO: [ app_init ] --END-- [ RunTime:0.000871s ]
INFO: [ app_begin ] --START--
INFO: Run Behavior\ReadHtmlCacheBehavior [ RunTime:0.000806s ]
INFO: [ app_begin ] --END-- [ RunTime:0.001005s ]
INFO: [ app_end ] --START--
INFO: Run Behavior\ShowPageTraceBehavior [ RunTime:0.000613s ]
INFO: [ app_end ] --END-- [ RunTime:0.000744s ]

[ 2018-12-29T18:06:57+08:00 ] ::1 /admin/member/login
INFO: [ app_init ] --START--
INFO: Run Behavior\BuildLiteBehavior [ RunTime:0.000026s ]
INFO: [ app_init ] --END-- [ RunTime:0.000433s ]
INFO: [ app_begin ] --START--
INFO: Run Behavior\ReadHtmlCacheBehavior [ RunTime:0.000490s ]
INFO: [ app_begin ] --END-- [ RunTime:0.000604s ]
SQL: SHOW COLUMNS FROM `sh_admin` [ RunTime:0.0138s ]
SQL: SELECT * FROM `sh_admin` WHERE `member_name` = 'admin' LIMIT 1   [ RunTime:0.0008s ]
INFO: [ view_parse ] --START--
INFO: [ template_filter ] --START--
INFO: Run Behavior\ContentReplaceBehavior [ RunTime:0.000121s ]
INFO: [ template_filter ] --END-- [ RunTime:0.000390s ]
INFO: Run Behavior\ParseTemplateBehavior [ RunTime:0.062383s ]
INFO: [ view_parse ] --END-- [ RunTime:0.062640s ]
INFO: [ view_filter ] --START--
INFO: Run Behavior\WriteHtmlCacheBehavior [ RunTime:0.000431s ]
INFO: Run Behavior\TokenBuildBehavior [ RunTime:0.000646s ]
INFO: [ view_filter ] --END-- [ RunTime:0.001417s ]
INFO: [ app_end ] --START--
INFO: Run Behavior\ShowPageTraceBehavior [ RunTime:0.001067s ]
INFO: [ app_end ] --END-- [ RunTime:0.001288s ]

[ 2018-12-29T18:06:58+08:00 ] ::1 /Admin
INFO: [ app_init ] --START--
INFO: Run Behavior\BuildLiteBehavior [ RunTime:0.000031s ]
INFO: [ app_init ] --END-- [ RunTime:0.000736s ]
INFO: [ app_begin ] --START--
INFO: Run Behavior\ReadHtmlCacheBehavior [ RunTime:0.000609s ]
INFO: [ app_begin ] --END-- [ RunTime:0.000741s ]
SQL: SHOW COLUMNS FROM `sh_order` [ RunTime:0.0073s ]
SQL: SELECT sum(goods_price_sum) as sum FROM `sh_order` WHERE `time_day` = 20181229 AND `time_hour` = 18 AND `time_minute` = 10 AND `pay_status` = 1 AND `catagory_id` = 1 AND `snatch_type` = 1 LIMIT 1   [ RunTime:0.0019s ]
SQL: SELECT sum(goods_price_sum) as sum FROM `sh_order` WHERE `time_day` = 20181229 AND `time_hour` = 18 AND `time_minute` = 10 AND `pay_status` = 1 AND `catagory_id` = 1 AND `snatch_type` = 2 LIMIT 1   [ RunTime:0.0014s ]
SQL: SELECT sum(goods_price_sum) as sum FROM `sh_order` WHERE `time_day` = 20181229 AND `time_hour` = 18 AND `time_minute` = 10 AND `pay_status` = 1 AND `catagory_id` = 2 AND `snatch_type` = 1 LIMIT 1   [ RunTime:0.0014s ]
SQL: SELECT sum(goods_price_sum) as sum FROM `sh_order` WHERE `time_day` = 20181229 AND `time_hour` = 18 AND `time_minute` = 10 AND `pay_status` = 1 AND `catagory_id` = 2 AND `snatch_type` = 2 LIMIT 1   [ RunTime:0.0007s ]
SQL: SELECT sum(goods_price_sum) as sum FROM `sh_order` WHERE `time_day` = 20181229 AND `time_hour` = 18 AND `time_minute` = 10 AND `pay_status` = 1 AND `catagory_id` = 3 AND `snatch_type` = 1 LIMIT 1   [ RunTime:0.0005s ]
SQL: SELECT sum(goods_price_sum) as sum FROM `sh_order` WHERE `time_day` = 20181229 AND `time_hour` = 18 AND `time_minute` = 10 AND `pay_status` = 1 AND `catagory_id` = 3 AND `snatch_type` = 2 LIMIT 1   [ RunTime:0.0005s ]
SQL: SHOW COLUMNS FROM `sh_catagory` [ RunTime:0.0069s ]
SQL: SELECT * FROM `sh_catagory`  [ RunTime:0.0004s ]
SQL: SHOW COLUMNS FROM `sh_award` [ RunTime:0.0111s ]
SQL: SELECT * FROM `sh_award` WHERE `time_hour` = 18 AND `time_minute` = 10 LIMIT 1   [ RunTime:0.0039s ]
SQL: SHOW COLUMNS FROM `sh_user` [ RunTime:0.0071s ]
SQL: SELECT COUNT(*) AS tp_count FROM `sh_user` WHERE ( `create_time` >= '' AND `create_time` <= ''  ) LIMIT 1   [ RunTime:0.0008s ]
SQL: SELECT `id` FROM `sh_order` WHERE ( `pay_time` >= '' AND `pay_time` <= ''  ) AND `pay_status` = 1 GROUP BY user_id  [ RunTime:0.0032s ]
SQL: SELECT SUM(goods_price_sum) AS tp_sum FROM `sh_order` WHERE ( `pay_time` >= '' AND `pay_time` <= ''  ) AND `pay_status` = 1 LIMIT 1   [ RunTime:0.0008s ]
SQL: SELECT SUM(goods_num) AS tp_sum FROM `sh_order` WHERE ( `pay_time` >= '' AND `pay_time` <= ''  ) AND `pay_status` = 1 LIMIT 1   [ RunTime:0.0007s ]
SQL: SELECT SUM(goods_price_sum) AS tp_sum FROM `sh_order` WHERE ( `pay_time` >= '' AND `pay_time` <= ''  ) AND `pay_status` = 1 AND `result` = 2 LIMIT 1   [ RunTime:0.0005s ]
SQL: SELECT SUM(goods_num) AS tp_sum FROM `sh_order` WHERE ( `pay_time` >= '' AND `pay_time` <= ''  ) AND `pay_status` = 1 AND `result` = 2 LIMIT 1   [ RunTime:0.0005s ]
SQL: SELECT SUM(goods_price_sum) AS tp_sum FROM `sh_order` WHERE ( `pay_time` >= '' AND `pay_time` <= ''  ) AND `pay_status` = 1 AND `result` = 1 LIMIT 1   [ RunTime:0.0005s ]
SQL: SELECT SUM(goods_num) AS tp_sum FROM `sh_order` WHERE ( `pay_time` >= '' AND `pay_time` <= ''  ) AND `pay_status` = 1 AND `result` = 1 LIMIT 1   [ RunTime:0.0005s ]
SQL: SELECT SUM(goods_price_sum) AS tp_sum FROM `sh_order` WHERE ( `pay_time` >= '' AND `pay_time` <= ''  ) AND `pay_status` = 1 AND `catagory_id` = 1 LIMIT 1   [ RunTime:0.0006s ]
SQL: SELECT SUM(goods_num) AS tp_sum FROM `sh_order` WHERE ( `pay_time` >= '' AND `pay_time` <= ''  ) AND `pay_status` = 1 AND `catagory_id` = 1 LIMIT 1   [ RunTime:0.0005s ]
SQL: SELECT SUM(goods_price_sum) AS tp_sum FROM `sh_order` WHERE ( `pay_time` >= '' AND `pay_time` <= ''  ) AND `pay_status` = 1 AND `catagory_id` = 1 AND `result` = 2 LIMIT 1   [ RunTime:0.0006s ]
SQL: SELECT SUM(goods_num) AS tp_sum FROM `sh_order` WHERE ( `pay_time` >= '' AND `pay_time` <= ''  ) AND `pay_status` = 1 AND `catagory_id` = 1 AND `result` = 2 LIMIT 1   [ RunTime:0.0006s ]
SQL: SELECT SUM(goods_price_sum) AS tp_sum FROM `sh_order` WHERE ( `pay_time` >= '' AND `pay_time` <= ''  ) AND `pay_status` = 1 AND `catagory_id` = 1 AND `result` = 1 LIMIT 1   [ RunTime:0.0007s ]
SQL: SELECT SUM(goods_num) AS tp_sum FROM `sh_order` WHERE ( `pay_time` >= '' AND `pay_time` <= ''  ) AND `pay_status` = 1 AND `catagory_id` = 1 AND `result` = 1 LIMIT 1   [ RunTime:0.0009s ]
SQL: SELECT SUM(goods_price_sum) AS tp_sum FROM `sh_order` WHERE ( `pay_time` >= '' AND `pay_time` <= ''  ) AND `pay_status` = 1 AND `catagory_id` = 2 AND `result` = 1 LIMIT 1   [ RunTime:0.0007s ]
SQL: SELECT SUM(goods_num) AS tp_sum FROM `sh_order` WHERE ( `pay_time` >= '' AND `pay_time` <= ''  ) AND `pay_status` = 1 AND `catagory_id` = 2 AND `result` = 1 LIMIT 1   [ RunTime:0.0005s ]
SQL: SELECT SUM(goods_price_sum) AS tp_sum FROM `sh_order` WHERE ( `pay_time` >= '' AND `pay_time` <= ''  ) AND `pay_status` = 1 AND `catagory_id` = 2 AND `result` = 2 LIMIT 1   [ RunTime:0.0005s ]
SQL: SELECT SUM(goods_num) AS tp_sum FROM `sh_order` WHERE ( `pay_time` >= '' AND `pay_time` <= ''  ) AND `pay_status` = 1 AND `catagory_id` = 2 AND `result` = 2 LIMIT 1   [ RunTime:0.0005s ]
SQL: SELECT SUM(goods_price_sum) AS tp_sum FROM `sh_order` WHERE ( `pay_time` >= '' AND `pay_time` <= ''  ) AND `pay_status` = 1 AND `catagory_id` = 2 AND `result` = 1 LIMIT 1   [ RunTime:0.0007s ]
SQL: SELECT SUM(goods_num) AS tp_sum FROM `sh_order` WHERE ( `pay_time` >= '' AND `pay_time` <= ''  ) AND `pay_status` = 1 AND `catagory_id` = 2 AND `result` = 1 LIMIT 1   [ RunTime:0.0006s ]
INFO: [ view_parse ] --START--
INFO: [ template_filter ] --START--
INFO: Run Behavior\ContentReplaceBehavior [ RunTime:0.000093s ]
INFO: [ template_filter ] --END-- [ RunTime:0.000257s ]
NOTIC: [8] Undefined variable: access /Users/tangyihang/Desktop/cai/夺宝备份/com_duobao_www/Application/Runtime/Cache/Admin/7dd32b9e78acec0f141180f659d3894e.php 第 48 行.
NOTIC: [8] Undefined variable: access /Users/tangyihang/Desktop/cai/夺宝备份/com_duobao_www/Application/Runtime/Cache/Admin/7dd32b9e78acec0f141180f659d3894e.php 第 49 行.
NOTIC: [8] Undefined variable: access /Users/tangyihang/Desktop/cai/夺宝备份/com_duobao_www/Application/Runtime/Cache/Admin/7dd32b9e78acec0f141180f659d3894e.php 第 50 行.
NOTIC: [8] Undefined variable: access /Users/tangyihang/Desktop/cai/夺宝备份/com_duobao_www/Application/Runtime/Cache/Admin/7dd32b9e78acec0f141180f659d3894e.php 第 51 行.
NOTIC: [8] Undefined variable: access /Users/tangyihang/Desktop/cai/夺宝备份/com_duobao_www/Application/Runtime/Cache/Admin/7dd32b9e78acec0f141180f659d3894e.php 第 52 行.
NOTIC: [8] Undefined variable: access /Users/tangyihang/Desktop/cai/夺宝备份/com_duobao_www/Application/Runtime/Cache/Admin/7dd32b9e78acec0f141180f659d3894e.php 第 53 行.
NOTIC: [8] Undefined variable: access /Users/tangyihang/Desktop/cai/夺宝备份/com_duobao_www/Application/Runtime/Cache/Admin/7dd32b9e78acec0f141180f659d3894e.php 第 54 行.
NOTIC: [8] Undefined variable: access /Users/tangyihang/Desktop/cai/夺宝备份/com_duobao_www/Application/Runtime/Cache/Admin/7dd32b9e78acec0f141180f659d3894e.php 第 56 行.
NOTIC: [8] Undefined variable: access /Users/tangyihang/Desktop/cai/夺宝备份/com_duobao_www/Application/Runtime/Cache/Admin/7dd32b9e78acec0f141180f659d3894e.php 第 57 行.
NOTIC: [8] Undefined variable: access /Users/tangyihang/Desktop/cai/夺宝备份/com_duobao_www/Application/Runtime/Cache/Admin/7dd32b9e78acec0f141180f659d3894e.php 第 58 行.
NOTIC: [8] Undefined variable: access /Users/tangyihang/Desktop/cai/夺宝备份/com_duobao_www/Application/Runtime/Cache/Admin/7dd32b9e78acec0f141180f659d3894e.php 第 59 行.
NOTIC: [8] Undefined variable: access /Users/tangyihang/Desktop/cai/夺宝备份/com_duobao_www/Application/Runtime/Cache/Admin/7dd32b9e78acec0f141180f659d3894e.php 第 61 行.
INFO: Run Behavior\ParseTemplateBehavior [ RunTime:0.042516s ]
INFO: [ view_parse ] --END-- [ RunTime:0.042654s ]
INFO: [ view_filter ] --START--
INFO: Run Behavior\WriteHtmlCacheBehavior [ RunTime:0.000301s ]
INFO: Run Behavior\TokenBuildBehavior [ RunTime:0.000801s ]
INFO: [ view_filter ] --END-- [ RunTime:0.001411s ]
INFO: [ app_end ] --START--
INFO: Run Behavior\ShowPageTraceBehavior [ RunTime:0.000608s ]
INFO: [ app_end ] --END-- [ RunTime:0.000721s ]

[ 2018-12-29T18:07:01+08:00 ] ::1 /Admin/Order/read
INFO: [ app_init ] --START--
INFO: Run Behavior\BuildLiteBehavior [ RunTime:0.000031s ]
INFO: [ app_init ] --END-- [ RunTime:0.000529s ]
INFO: [ app_begin ] --START--
INFO: Run Behavior\ReadHtmlCacheBehavior [ RunTime:0.000567s ]
INFO: [ app_begin ] --END-- [ RunTime:0.000692s ]
SQL: SHOW COLUMNS FROM `sh_order` [ RunTime:0.0071s ]
SQL: SELECT o.*,u.phone,u.nickname FROM sh_order o LEFT JOIN sh_user as u ON u.id = o.user_id  ORDER BY o.id desc LIMIT 0,10   [ RunTime:0.0011s ]
SQL: SELECT COUNT(*) AS tp_count FROM `sh_order` LIMIT 1   [ RunTime:0.0011s ]
INFO: [ view_parse ] --START--
INFO: [ template_filter ] --START--
INFO: Run Behavior\ContentReplaceBehavior [ RunTime:0.000112s ]
INFO: [ template_filter ] --END-- [ RunTime:0.000249s ]
NOTIC: [8] Undefined index: phone /Users/tangyihang/Desktop/cai/夺宝备份/com_duobao_www/Application/Runtime/Cache/Admin/7f5d57d3395899fbcd96fbc196d21b61.php 第 88 行.
NOTIC: [8] Undefined variable: parent_phone /Users/tangyihang/Desktop/cai/夺宝备份/com_duobao_www/Application/Runtime/Cache/Admin/7f5d57d3395899fbcd96fbc196d21b61.php 第 95 行.
NOTIC: [8] Undefined index: catagory_id /Users/tangyihang/Desktop/cai/夺宝备份/com_duobao_www/Application/Runtime/Cache/Admin/7f5d57d3395899fbcd96fbc196d21b61.php 第 104 行.
NOTIC: [8] Undefined index: catagory_id /Users/tangyihang/Desktop/cai/夺宝备份/com_duobao_www/Application/Runtime/Cache/Admin/7f5d57d3395899fbcd96fbc196d21b61.php 第 105 行.
NOTIC: [8] Undefined index: catagory_id /Users/tangyihang/Desktop/cai/夺宝备份/com_duobao_www/Application/Runtime/Cache/Admin/7f5d57d3395899fbcd96fbc196d21b61.php 第 106 行.
NOTIC: [8] Undefined index: result /Users/tangyihang/Desktop/cai/夺宝备份/com_duobao_www/Application/Runtime/Cache/Admin/7f5d57d3395899fbcd96fbc196d21b61.php 第 116 行.
NOTIC: [8] Undefined index: result /Users/tangyihang/Desktop/cai/夺宝备份/com_duobao_www/Application/Runtime/Cache/Admin/7f5d57d3395899fbcd96fbc196d21b61.php 第 117 行.
NOTIC: [8] Undefined variable: start /Users/tangyihang/Desktop/cai/夺宝备份/com_duobao_www/Application/Runtime/Cache/Admin/7f5d57d3395899fbcd96fbc196d21b61.php 第 126 行.
NOTIC: [8] Undefined variable: end /Users/tangyihang/Desktop/cai/夺宝备份/com_duobao_www/Application/Runtime/Cache/Admin/7f5d57d3395899fbcd96fbc196d21b61.php 第 133 行.
INFO: Run Behavior\ParseTemplateBehavior [ RunTime:0.036075s ]
INFO: [ view_parse ] --END-- [ RunTime:0.036288s ]
INFO: [ view_filter ] --START--
INFO: Run Behavior\WriteHtmlCacheBehavior [ RunTime:0.000351s ]
INFO: Run Behavior\TokenBuildBehavior [ RunTime:0.000385s ]
INFO: [ view_filter ] --END-- [ RunTime:0.000968s ]
INFO: [ app_end ] --START--
INFO: Run Behavior\ShowPageTraceBehavior [ RunTime:0.000655s ]
INFO: [ app_end ] --END-- [ RunTime:0.000778s ]

[ 2018-12-29T18:07:02+08:00 ] ::1 /Admin/User/read
INFO: [ app_init ] --START--
INFO: Run Behavior\BuildLiteBehavior [ RunTime:0.000028s ]
INFO: [ app_init ] --END-- [ RunTime:0.000491s ]
INFO: [ app_begin ] --START--
INFO: Run Behavior\ReadHtmlCacheBehavior [ RunTime:0.001063s ]
INFO: [ app_begin ] --END-- [ RunTime:0.001300s ]
SQL: SHOW COLUMNS FROM `sh_user` [ RunTime:0.0088s ]
SQL: SELECT * FROM `sh_user` ORDER BY id desc LIMIT 0,10   [ RunTime:0.0023s ]
SQL: SELECT COUNT(*) AS tp_count FROM `sh_user` LIMIT 1   [ RunTime:0.0010s ]
INFO: [ view_parse ] --START--
NOTIC: [2] file_get_contents(./Application/Admin/View/User/menu.tpl): failed to open stream: No such file or directory /Users/tangyihang/Desktop/cai/夺宝备份/com_duobao_www/ThinkPHP/Library/Think/Template.class.php 第 696 行.
INFO: [ template_filter ] --START--
INFO: Run Behavior\ContentReplaceBehavior [ RunTime:0.000069s ]
INFO: [ template_filter ] --END-- [ RunTime:0.000191s ]
NOTIC: [8] Undefined index: phone /Users/tangyihang/Desktop/cai/夺宝备份/com_duobao_www/Application/Runtime/Cache/Admin/5045758f258396c7944f6eb33a797abf.php 第 89 行.
NOTIC: [8] Undefined index: parent_id /Users/tangyihang/Desktop/cai/夺宝备份/com_duobao_www/Application/Runtime/Cache/Admin/5045758f258396c7944f6eb33a797abf.php 第 96 行.
NOTIC: [8] Undefined variable: start /Users/tangyihang/Desktop/cai/夺宝备份/com_duobao_www/Application/Runtime/Cache/Admin/5045758f258396c7944f6eb33a797abf.php 第 103 行.
NOTIC: [8] Undefined variable: end /Users/tangyihang/Desktop/cai/夺宝备份/com_duobao_www/Application/Runtime/Cache/Admin/5045758f258396c7944f6eb33a797abf.php 第 110 行.
INFO: Run Behavior\ParseTemplateBehavior [ RunTime:0.078998s ]
INFO: [ view_parse ] --END-- [ RunTime:0.079219s ]
INFO: [ view_filter ] --START--
INFO: Run Behavior\WriteHtmlCacheBehavior [ RunTime:0.000348s ]
INFO: Run Behavior\TokenBuildBehavior [ RunTime:0.000430s ]
INFO: [ view_filter ] --END-- [ RunTime:0.000998s ]
INFO: [ app_end ] --START--
INFO: Run Behavior\ShowPageTraceBehavior [ RunTime:0.000714s ]
INFO: [ app_end ] --END-- [ RunTime:0.000859s ]

[ 2018-12-29T18:07:03+08:00 ] ::1 /Admin/Order/read
INFO: [ app_init ] --START--
INFO: Run Behavior\BuildLiteBehavior [ RunTime:0.000032s ]
INFO: [ app_init ] --END-- [ RunTime:0.000511s ]
INFO: [ app_begin ] --START--
INFO: Run Behavior\ReadHtmlCacheBehavior [ RunTime:0.000585s ]
INFO: [ app_begin ] --END-- [ RunTime:0.000720s ]
SQL: SHOW COLUMNS FROM `sh_order` [ RunTime:0.0095s ]
SQL: SELECT o.*,u.phone,u.nickname FROM sh_order o LEFT JOIN sh_user as u ON u.id = o.user_id  ORDER BY o.id desc LIMIT 0,10   [ RunTime:0.0007s ]
SQL: SELECT COUNT(*) AS tp_count FROM `sh_order` LIMIT 1   [ RunTime:0.0002s ]
INFO: [ view_parse ] --START--
INFO: [ template_filter ] --START--
INFO: Run Behavior\ContentReplaceBehavior [ RunTime:0.000090s ]
INFO: [ template_filter ] --END-- [ RunTime:0.000240s ]
NOTIC: [8] Undefined index: phone /Users/tangyihang/Desktop/cai/夺宝备份/com_duobao_www/Application/Runtime/Cache/Admin/7f5d57d3395899fbcd96fbc196d21b61.php 第 88 行.
NOTIC: [8] Undefined variable: parent_phone /Users/tangyihang/Desktop/cai/夺宝备份/com_duobao_www/Application/Runtime/Cache/Admin/7f5d57d3395899fbcd96fbc196d21b61.php 第 95 行.
NOTIC: [8] Undefined index: catagory_id /Users/tangyihang/Desktop/cai/夺宝备份/com_duobao_www/Application/Runtime/Cache/Admin/7f5d57d3395899fbcd96fbc196d21b61.php 第 104 行.
NOTIC: [8] Undefined index: catagory_id /Users/tangyihang/Desktop/cai/夺宝备份/com_duobao_www/Application/Runtime/Cache/Admin/7f5d57d3395899fbcd96fbc196d21b61.php 第 105 行.
NOTIC: [8] Undefined index: catagory_id /Users/tangyihang/Desktop/cai/夺宝备份/com_duobao_www/Application/Runtime/Cache/Admin/7f5d57d3395899fbcd96fbc196d21b61.php 第 106 行.
NOTIC: [8] Undefined index: result /Users/tangyihang/Desktop/cai/夺宝备份/com_duobao_www/Application/Runtime/Cache/Admin/7f5d57d3395899fbcd96fbc196d21b61.php 第 116 行.
NOTIC: [8] Undefined index: result /Users/tangyihang/Desktop/cai/夺宝备份/com_duobao_www/Application/Runtime/Cache/Admin/7f5d57d3395899fbcd96fbc196d21b61.php 第 117 行.
NOTIC: [8] Undefined variable: start /Users/tangyihang/Desktop/cai/夺宝备份/com_duobao_www/Application/Runtime/Cache/Admin/7f5d57d3395899fbcd96fbc196d21b61.php 第 126 行.
NOTIC: [8] Undefined variable: end /Users/tangyihang/Desktop/cai/夺宝备份/com_duobao_www/Application/Runtime/Cache/Admin/7f5d57d3395899fbcd96fbc196d21b61.php 第 133 行.
INFO: Run Behavior\ParseTemplateBehavior [ RunTime:0.029359s ]
INFO: [ view_parse ] --END-- [ RunTime:0.029485s ]
INFO: [ view_filter ] --START--
INFO: Run Behavior\WriteHtmlCacheBehavior [ RunTime:0.000261s ]
INFO: Run Behavior\TokenBuildBehavior [ RunTime:0.000372s ]
INFO: [ view_filter ] --END-- [ RunTime:0.000811s ]
INFO: [ app_end ] --START--
INFO: Run Behavior\ShowPageTraceBehavior [ RunTime:0.000601s ]
INFO: [ app_end ] --END-- [ RunTime:0.000724s ]

[ 2018-12-29T18:07:05+08:00 ] ::1 /Admin/reward/read
INFO: [ app_init ] --START--
INFO: Run Behavior\BuildLiteBehavior [ RunTime:0.000027s ]
INFO: [ app_init ] --END-- [ RunTime:0.000440s ]
INFO: [ app_begin ] --START--
INFO: Run Behavior\ReadHtmlCacheBehavior [ RunTime:0.000599s ]
INFO: [ app_begin ] --END-- [ RunTime:0.000716s ]
SQL: SHOW COLUMNS FROM `sh_order` [ RunTime:0.0071s ]
SQL: SELECT * FROM `sh_order` WHERE `pay_status` = 1 AND `result` = 2 ORDER BY is_get asc, id asc LIMIT 0,10   [ RunTime:0.0008s ]
SQL: SELECT COUNT(*) AS tp_count FROM `sh_order` WHERE `pay_status` = 1 AND `result` = 2 LIMIT 1   [ RunTime:0.0005s ]
INFO: [ view_parse ] --START--
INFO: [ template_filter ] --START--
INFO: Run Behavior\ContentReplaceBehavior [ RunTime:0.000181s ]
INFO: [ template_filter ] --END-- [ RunTime:0.000419s ]
NOTIC: [8] Undefined index: award_code /Users/tangyihang/Desktop/cai/夺宝备份/com_duobao_www/Application/Runtime/Cache/Admin/5caf9d939cad4f289afbb914cb4011dd.php 第 88 行.
INFO: Run Behavior\ParseTemplateBehavior [ RunTime:0.058562s ]
INFO: [ view_parse ] --END-- [ RunTime:0.058693s ]
INFO: [ view_filter ] --START--
INFO: Run Behavior\WriteHtmlCacheBehavior [ RunTime:0.000229s ]
INFO: Run Behavior\TokenBuildBehavior [ RunTime:0.000324s ]
INFO: [ view_filter ] --END-- [ RunTime:0.000722s ]
INFO: [ app_end ] --START--
INFO: Run Behavior\ShowPageTraceBehavior [ RunTime:0.000566s ]
INFO: [ app_end ] --END-- [ RunTime:0.000672s ]

[ 2018-12-29T18:07:06+08:00 ] ::1 /Admin/Order/read
INFO: [ app_init ] --START--
INFO: Run Behavior\BuildLiteBehavior [ RunTime:0.000032s ]
INFO: [ app_init ] --END-- [ RunTime:0.001189s ]
INFO: [ app_begin ] --START--
INFO: Run Behavior\ReadHtmlCacheBehavior [ RunTime:0.001208s ]
INFO: [ app_begin ] --END-- [ RunTime:0.001454s ]
SQL: SHOW COLUMNS FROM `sh_order` [ RunTime:0.0076s ]
SQL: SELECT o.*,u.phone,u.nickname FROM sh_order o LEFT JOIN sh_user as u ON u.id = o.user_id  ORDER BY o.id desc LIMIT 0,10   [ RunTime:0.0005s ]
SQL: SELECT COUNT(*) AS tp_count FROM `sh_order` LIMIT 1   [ RunTime:0.0003s ]
INFO: [ view_parse ] --START--
INFO: [ template_filter ] --START--
INFO: Run Behavior\ContentReplaceBehavior [ RunTime:0.000082s ]
INFO: [ template_filter ] --END-- [ RunTime:0.000223s ]
NOTIC: [8] Undefined index: phone /Users/tangyihang/Desktop/cai/夺宝备份/com_duobao_www/Application/Runtime/Cache/Admin/7f5d57d3395899fbcd96fbc196d21b61.php 第 88 行.
NOTIC: [8] Undefined variable: parent_phone /Users/tangyihang/Desktop/cai/夺宝备份/com_duobao_www/Application/Runtime/Cache/Admin/7f5d57d3395899fbcd96fbc196d21b61.php 第 95 行.
NOTIC: [8] Undefined index: catagory_id /Users/tangyihang/Desktop/cai/夺宝备份/com_duobao_www/Application/Runtime/Cache/Admin/7f5d57d3395899fbcd96fbc196d21b61.php 第 104 行.
NOTIC: [8] Undefined index: catagory_id /Users/tangyihang/Desktop/cai/夺宝备份/com_duobao_www/Application/Runtime/Cache/Admin/7f5d57d3395899fbcd96fbc196d21b61.php 第 105 行.
NOTIC: [8] Undefined index: catagory_id /Users/tangyihang/Desktop/cai/夺宝备份/com_duobao_www/Application/Runtime/Cache/Admin/7f5d57d3395899fbcd96fbc196d21b61.php 第 106 行.
NOTIC: [8] Undefined index: result /Users/tangyihang/Desktop/cai/夺宝备份/com_duobao_www/Application/Runtime/Cache/Admin/7f5d57d3395899fbcd96fbc196d21b61.php 第 116 行.
NOTIC: [8] Undefined index: result /Users/tangyihang/Desktop/cai/夺宝备份/com_duobao_www/Application/Runtime/Cache/Admin/7f5d57d3395899fbcd96fbc196d21b61.php 第 117 行.
NOTIC: [8] Undefined variable: start /Users/tangyihang/Desktop/cai/夺宝备份/com_duobao_www/Application/Runtime/Cache/Admin/7f5d57d3395899fbcd96fbc196d21b61.php 第 126 行.
NOTIC: [8] Undefined variable: end /Users/tangyihang/Desktop/cai/夺宝备份/com_duobao_www/Application/Runtime/Cache/Admin/7f5d57d3395899fbcd96fbc196d21b61.php 第 133 行.
INFO: Run Behavior\ParseTemplateBehavior [ RunTime:0.026191s ]
INFO: [ view_parse ] --END-- [ RunTime:0.026307s ]
INFO: [ view_filter ] --START--
INFO: Run Behavior\WriteHtmlCacheBehavior [ RunTime:0.000228s ]
INFO: Run Behavior\TokenBuildBehavior [ RunTime:0.000356s ]
INFO: [ view_filter ] --END-- [ RunTime:0.000747s ]
INFO: [ app_end ] --START--
INFO: Run Behavior\ShowPageTraceBehavior [ RunTime:0.000538s ]
INFO: [ app_end ] --END-- [ RunTime:0.000657s ]

