[ 2018-12-24T19:42:38+08:00 ] ::1 /vip/user/set
INFO: [ app_init ] --START--
INFO: Run Behavior\BuildLiteBehavior [ RunTime:0.000040s ]
INFO: [ app_init ] --END-- [ RunTime:0.001060s ]
INFO: [ app_begin ] --START--
INFO: Run Behavior\ReadHtmlCacheBehavior [ RunTime:0.001677s ]
INFO: [ app_begin ] --END-- [ RunTime:0.001974s ]
INFO: [ view_parse ] --START--
INFO: [ template_filter ] --START--
INFO: Run Behavior\ContentReplaceBehavior [ RunTime:0.000071s ]
INFO: [ template_filter ] --END-- [ RunTime:0.000228s ]
NOTIC: [8] Undefined variable: output /Users/tangyihang/Desktop/cai/夺宝备份/com_duobao_www/Application/Runtime/Cache/Vip/aae6a1494940c900ac212ff688a049ec.php 第 6 行.
INFO: Run Behavior\ParseTemplateBehavior [ RunTime:0.036019s ]
INFO: [ view_parse ] --END-- [ RunTime:0.036351s ]
INFO: [ view_filter ] --START--
INFO: Run Behavior\WriteHtmlCacheBehavior [ RunTime:0.000727s ]
INFO: Run Behavior\TokenBuildBehavior [ RunTime:0.000705s ]
INFO: [ view_filter ] --END-- [ RunTime:0.001857s ]
INFO: [ app_end ] --START--
INFO: Run Behavior\ShowPageTraceBehavior [ RunTime:0.003376s ]
INFO: [ app_end ] --END-- [ RunTime:0.003708s ]

[ 2018-12-24T19:42:40+08:00 ] ::1 /vip/user/set
INFO: [ app_init ] --START--
INFO: Run Behavior\BuildLiteBehavior [ RunTime:0.000037s ]
INFO: [ app_init ] --END-- [ RunTime:0.001390s ]
INFO: [ app_begin ] --START--
INFO: Run Behavior\ReadHtmlCacheBehavior [ RunTime:0.001814s ]
INFO: [ app_begin ] --END-- [ RunTime:0.002066s ]
INFO: [ view_parse ] --START--
INFO: [ template_filter ] --START--
INFO: Run Behavior\ContentReplaceBehavior [ RunTime:0.000073s ]
INFO: [ template_filter ] --END-- [ RunTime:0.000196s ]
NOTIC: [8] Undefined variable: output /Users/tangyihang/Desktop/cai/夺宝备份/com_duobao_www/Application/Runtime/Cache/Vip/f928bc598b01d5e76b47eaf5d78e99ae.php 第 6 行.
INFO: Run Behavior\ParseTemplateBehavior [ RunTime:0.021643s ]
INFO: [ view_parse ] --END-- [ RunTime:0.021762s ]
INFO: [ view_filter ] --START--
INFO: Run Behavior\WriteHtmlCacheBehavior [ RunTime:0.000220s ]
INFO: Run Behavior\TokenBuildBehavior [ RunTime:0.000315s ]
INFO: [ view_filter ] --END-- [ RunTime:0.000697s ]

[ 2018-12-24T19:42:43+08:00 ] ::1 /vip/user/set
INFO: [ app_init ] --START--
INFO: Run Behavior\BuildLiteBehavior [ RunTime:0.000056s ]
INFO: [ app_init ] --END-- [ RunTime:0.002034s ]
INFO: [ app_begin ] --START--
INFO: Run Behavior\ReadHtmlCacheBehavior [ RunTime:0.000894s ]
INFO: [ app_begin ] --END-- [ RunTime:0.001062s ]
INFO: [ view_parse ] --START--
INFO: [ template_filter ] --START--
INFO: Run Behavior\ContentReplaceBehavior [ RunTime:0.000102s ]
INFO: [ template_filter ] --END-- [ RunTime:0.000276s ]
NOTIC: [8] Undefined variable: output /Users/tangyihang/Desktop/cai/夺宝备份/com_duobao_www/Application/Runtime/Cache/Vip/aae6a1494940c900ac212ff688a049ec.php 第 6 行.
INFO: Run Behavior\ParseTemplateBehavior [ RunTime:0.021531s ]
INFO: [ view_parse ] --END-- [ RunTime:0.021682s ]
INFO: [ view_filter ] --START--
INFO: Run Behavior\WriteHtmlCacheBehavior [ RunTime:0.000413s ]
INFO: Run Behavior\TokenBuildBehavior [ RunTime:0.000553s ]
INFO: [ view_filter ] --END-- [ RunTime:0.001224s ]
INFO: [ app_end ] --START--
INFO: Run Behavior\ShowPageTraceBehavior [ RunTime:0.000912s ]
INFO: [ app_end ] --END-- [ RunTime:0.001096s ]

[ 2018-12-24T19:42:56+08:00 ] ::1 /vip/user/set
INFO: [ app_init ] --START--
INFO: Run Behavior\BuildLiteBehavior [ RunTime:0.000046s ]
INFO: [ app_init ] --END-- [ RunTime:0.003939s ]
INFO: [ app_begin ] --START--
INFO: Run Behavior\ReadHtmlCacheBehavior [ RunTime:0.003799s ]
INFO: [ app_begin ] --END-- [ RunTime:0.004049s ]
NOTIC: [2] Creating default object from empty value /Users/tangyihang/Desktop/cai/夺宝备份/com_duobao_www/Application/Vip/Controller/UserController.class.php 第 49 行.
NOTIC: [2] call_user_func() expects parameter 1 to be a valid callback, no array or string given /Users/tangyihang/Desktop/cai/夺宝备份/com_duobao_www/ThinkPHP/Library/Think/Upload.class.php 第 170 行.
NOTIC: [8] Undefined index: Expires /Users/tangyihang/Desktop/cai/夺宝备份/com_duobao_www/ThinkPHP/Library/Think/Upload/Driver/Qiniu/QiniuStorage.class.php 第 45 行.
NOTIC: [8] Undefined index: saveName /Users/tangyihang/Desktop/cai/夺宝备份/com_duobao_www/ThinkPHP/Library/Think/Upload/Driver/Qiniu/QiniuStorage.class.php 第 80 行.
NOTIC: [8] Undefined index: custom_fields /Users/tangyihang/Desktop/cai/夺宝备份/com_duobao_www/ThinkPHP/Library/Think/Upload/Driver/Qiniu/QiniuStorage.class.php 第 83 行.
SQL: SHOW COLUMNS FROM `sh_user` [ RunTime:0.0085s ]
SQL: UPDATE `sh_user` SET `nickname`='111',`headimgurl`='http://7xqmi3.com1.z0.glb.clouddn.com/5c20c63fcc46d.png' WHERE `id` = 1 [ RunTime:0.0112s ]

[ 2018-12-24T19:43:02+08:00 ] ::1 /vip
INFO: [ app_init ] --START--
INFO: Run Behavior\BuildLiteBehavior [ RunTime:0.000064s ]
INFO: [ app_init ] --END-- [ RunTime:0.001348s ]
INFO: [ app_begin ] --START--
INFO: Run Behavior\ReadHtmlCacheBehavior [ RunTime:0.001454s ]
INFO: [ app_begin ] --END-- [ RunTime:0.002127s ]
SQL: SHOW COLUMNS FROM `sh_user` [ RunTime:0.0067s ]
SQL: SELECT * FROM `sh_user` WHERE `id` = 1 LIMIT 1   [ RunTime:0.0006s ]
SQL: SHOW COLUMNS FROM `sh_order` [ RunTime:0.0105s ]
SQL: SELECT SUM(goods_num) AS tp_sum FROM `sh_order` WHERE `user_id` = 1 AND `result` = 2 LIMIT 1   [ RunTime:0.0083s ]
SQL: SELECT * FROM `sh_user` WHERE `id` = 1 LIMIT 1   [ RunTime:0.0006s ]
SQL: SELECT * FROM `sh_order` WHERE ( `pay_time` >= '2018-12-24 00:00:00' AND `pay_time` <= '2018-12-24 23:59:59'  ) AND `pay_status` = 1 AND `user_id` = 1  [ RunTime:0.0039s ]
SQL: SELECT * FROM `sh_order` WHERE ( `pay_time` >= '2018-12-24 00:00:00' AND `pay_time` <= '2018-12-24 23:59:59'  ) AND `pay_status` = 1 AND `user_id` = 1 AND `result` = 1  [ RunTime:0.0009s ]
SQL: SELECT * FROM `sh_order` WHERE ( `pay_time` >= '2018-12-24 00:00:00' AND `pay_time` <= '2018-12-24 23:59:59'  ) AND `pay_status` = 1 AND `user_id` = 1 AND `result` = 2  [ RunTime:0.0012s ]
INFO: [ view_parse ] --START--
INFO: [ template_filter ] --START--
INFO: Run Behavior\ContentReplaceBehavior [ RunTime:0.000067s ]
INFO: [ template_filter ] --END-- [ RunTime:0.000192s ]
INFO: Run Behavior\ParseTemplateBehavior [ RunTime:0.083162s ]
INFO: [ view_parse ] --END-- [ RunTime:0.083360s ]
INFO: [ view_filter ] --START--
INFO: Run Behavior\WriteHtmlCacheBehavior [ RunTime:0.000285s ]
INFO: Run Behavior\TokenBuildBehavior [ RunTime:0.000513s ]
INFO: [ view_filter ] --END-- [ RunTime:0.001093s ]
INFO: [ app_end ] --START--
INFO: Run Behavior\ShowPageTraceBehavior [ RunTime:0.000646s ]
INFO: [ app_end ] --END-- [ RunTime:0.000786s ]

[ 2018-12-24T19:43:03+08:00 ] ::1 /vip/points/index
INFO: [ app_init ] --START--
INFO: Run Behavior\BuildLiteBehavior [ RunTime:0.000036s ]
INFO: [ app_init ] --END-- [ RunTime:0.000658s ]
INFO: [ app_begin ] --START--
INFO: Run Behavior\ReadHtmlCacheBehavior [ RunTime:0.001106s ]
INFO: [ app_begin ] --END-- [ RunTime:0.001360s ]
NOTIC: [2048] Declaration of Vip\Controller\PointsController::get() should be compatible with Think\Controller::get($name = '') /Users/tangyihang/Desktop/cai/夺宝备份/com_duobao_www/Application/Vip/Controller/PointsController.class.php 第 8 行.
INFO: [ view_parse ] --START--
INFO: [ template_filter ] --START--
INFO: Run Behavior\ContentReplaceBehavior [ RunTime:0.000128s ]
INFO: [ template_filter ] --END-- [ RunTime:0.000390s ]
NOTIC: [8] Undefined variable: output /Users/tangyihang/Desktop/cai/夺宝备份/com_duobao_www/Application/Runtime/Cache/Vip/10e97dde5ec623c2711c5fc5e2a0c519.php 第 6 行.
INFO: Run Behavior\ParseTemplateBehavior [ RunTime:0.022090s ]
INFO: [ view_parse ] --END-- [ RunTime:0.022291s ]
INFO: [ view_filter ] --START--
INFO: Run Behavior\WriteHtmlCacheBehavior [ RunTime:0.000954s ]
INFO: Run Behavior\TokenBuildBehavior [ RunTime:0.000480s ]
INFO: [ view_filter ] --END-- [ RunTime:0.001920s ]
INFO: [ app_end ] --START--
INFO: Run Behavior\ShowPageTraceBehavior [ RunTime:0.000754s ]
INFO: [ app_end ] --END-- [ RunTime:0.000893s ]

[ 2018-12-24T19:43:07+08:00 ] ::1 /vip/points/submit
INFO: [ app_init ] --START--
INFO: Run Behavior\BuildLiteBehavior [ RunTime:0.000049s ]
INFO: [ app_init ] --END-- [ RunTime:0.000829s ]
INFO: [ app_begin ] --START--
INFO: Run Behavior\ReadHtmlCacheBehavior [ RunTime:0.000946s ]
INFO: [ app_begin ] --END-- [ RunTime:0.001209s ]
NOTIC: [2048] Declaration of Vip\Controller\PointsController::get() should be compatible with Think\Controller::get($name = '') /Users/tangyihang/Desktop/cai/夺宝备份/com_duobao_www/Application/Vip/Controller/PointsController.class.php 第 8 行.
SQL: SHOW COLUMNS FROM `sh_points_order` [ RunTime:0.0141s ]
SQL: INSERT INTO `sh_points_order` (`order_id`,`user_id`,`created`,`money`,`pay_type`) VALUES ('18122419430793250','1','2018-12-24 19:43:07','10','1') [ RunTime:0.0038s ]

[ 2018-12-24T19:50:38+08:00 ] ::1 /vip/points/index
INFO: [ app_init ] --START--
INFO: Run Behavior\BuildLiteBehavior [ RunTime:0.000065s ]
INFO: [ app_init ] --END-- [ RunTime:0.004474s ]
INFO: [ app_begin ] --START--
INFO: Run Behavior\ReadHtmlCacheBehavior [ RunTime:0.003586s ]
INFO: [ app_begin ] --END-- [ RunTime:0.003913s ]
NOTIC: [2048] Declaration of Vip\Controller\PointsController::get() should be compatible with Think\Controller::get($name = '') /Users/tangyihang/Desktop/cai/夺宝备份/com_duobao_www/Application/Vip/Controller/PointsController.class.php 第 8 行.
INFO: [ view_parse ] --START--
INFO: [ template_filter ] --START--
INFO: Run Behavior\ContentReplaceBehavior [ RunTime:0.000077s ]
INFO: [ template_filter ] --END-- [ RunTime:0.000243s ]
NOTIC: [8] Undefined variable: output /Users/tangyihang/Desktop/cai/夺宝备份/com_duobao_www/Application/Runtime/Cache/Vip/10e97dde5ec623c2711c5fc5e2a0c519.php 第 6 行.
INFO: Run Behavior\ParseTemplateBehavior [ RunTime:0.041418s ]
INFO: [ view_parse ] --END-- [ RunTime:0.041725s ]
INFO: [ view_filter ] --START--
INFO: Run Behavior\WriteHtmlCacheBehavior [ RunTime:0.002630s ]
INFO: Run Behavior\TokenBuildBehavior [ RunTime:0.004071s ]
INFO: [ view_filter ] --END-- [ RunTime:0.007012s ]
INFO: [ app_end ] --START--
INFO: Run Behavior\ShowPageTraceBehavior [ RunTime:0.003546s ]
INFO: [ app_end ] --END-- [ RunTime:0.003789s ]

[ 2018-12-24T19:50:43+08:00 ] ::1 /vip/points/submit
INFO: [ app_init ] --START--
INFO: Run Behavior\BuildLiteBehavior [ RunTime:0.000052s ]
INFO: [ app_init ] --END-- [ RunTime:0.003286s ]
INFO: [ app_begin ] --START--
INFO: Run Behavior\ReadHtmlCacheBehavior [ RunTime:0.000798s ]
INFO: [ app_begin ] --END-- [ RunTime:0.000971s ]
NOTIC: [2048] Declaration of Vip\Controller\PointsController::get() should be compatible with Think\Controller::get($name = '') /Users/tangyihang/Desktop/cai/夺宝备份/com_duobao_www/Application/Vip/Controller/PointsController.class.php 第 8 行.
SQL: SHOW COLUMNS FROM `sh_points_order` [ RunTime:0.0088s ]
SQL: INSERT INTO `sh_points_order` (`order_id`,`user_id`,`created`,`money`,`pay_type`) VALUES ('18122419504266985','1','2018-12-24 19:50:42','10','1') [ RunTime:0.0037s ]

[ 2018-12-24T19:51:39+08:00 ] ::1 /vip/points/submit
INFO: [ app_init ] --START--
INFO: Run Behavior\BuildLiteBehavior [ RunTime:0.000074s ]
INFO: [ app_init ] --END-- [ RunTime:0.004198s ]
INFO: [ app_begin ] --START--
INFO: Run Behavior\ReadHtmlCacheBehavior [ RunTime:0.003363s ]
INFO: [ app_begin ] --END-- [ RunTime:0.003579s ]
NOTIC: [2048] Declaration of Vip\Controller\PointsController::get() should be compatible with Think\Controller::get($name = '') /Users/tangyihang/Desktop/cai/夺宝备份/com_duobao_www/Application/Vip/Controller/PointsController.class.php 第 8 行.

[ 2018-12-24T19:51:47+08:00 ] ::1 /vip/points/submit
INFO: [ app_init ] --START--
INFO: Run Behavior\BuildLiteBehavior [ RunTime:0.000054s ]
INFO: [ app_init ] --END-- [ RunTime:0.001245s ]
INFO: [ app_begin ] --START--
INFO: Run Behavior\ReadHtmlCacheBehavior [ RunTime:0.000886s ]
INFO: [ app_begin ] --END-- [ RunTime:0.001056s ]
NOTIC: [2048] Declaration of Vip\Controller\PointsController::get() should be compatible with Think\Controller::get($name = '') /Users/tangyihang/Desktop/cai/夺宝备份/com_duobao_www/Application/Vip/Controller/PointsController.class.php 第 8 行.
SQL: SHOW COLUMNS FROM `sh_points_order` [ RunTime:0.0110s ]
SQL: INSERT INTO `sh_points_order` (`order_id`,`user_id`,`created`,`money`,`pay_type`) VALUES ('18122419514721102','1','2018-12-24 19:51:47','10','1') [ RunTime:0.0027s ]

[ 2018-12-24T19:51:59+08:00 ] ::1 /vip/points/submit
INFO: [ app_init ] --START--
INFO: Run Behavior\BuildLiteBehavior [ RunTime:0.000047s ]
INFO: [ app_init ] --END-- [ RunTime:0.003561s ]
INFO: [ app_begin ] --START--
INFO: Run Behavior\ReadHtmlCacheBehavior [ RunTime:0.003552s ]
INFO: [ app_begin ] --END-- [ RunTime:0.003790s ]
NOTIC: [2048] Declaration of Vip\Controller\PointsController::get() should be compatible with Think\Controller::get($name = '') /Users/tangyihang/Desktop/cai/夺宝备份/com_duobao_www/Application/Vip/Controller/PointsController.class.php 第 8 行.
SQL: SHOW COLUMNS FROM `sh_points_order` [ RunTime:0.0120s ]
SQL: INSERT INTO `sh_points_order` (`order_id`,`user_id`,`created`,`money`,`pay_type`) VALUES ('18122419515917678','1','2018-12-24 19:51:59','10','1') [ RunTime:0.0015s ]

[ 2018-12-24T19:52:15+08:00 ] ::1 /vip/points/submit
INFO: [ app_init ] --START--
INFO: Run Behavior\BuildLiteBehavior [ RunTime:0.000046s ]
INFO: [ app_init ] --END-- [ RunTime:0.006900s ]
INFO: [ app_begin ] --START--
INFO: Run Behavior\ReadHtmlCacheBehavior [ RunTime:0.002778s ]
INFO: [ app_begin ] --END-- [ RunTime:0.002953s ]
NOTIC: [2048] Declaration of Vip\Controller\PointsController::get() should be compatible with Think\Controller::get($name = '') /Users/tangyihang/Desktop/cai/夺宝备份/com_duobao_www/Application/Vip/Controller/PointsController.class.php 第 8 行.
SQL: SHOW COLUMNS FROM `sh_points_order` [ RunTime:0.0138s ]
SQL: INSERT INTO `sh_points_order` (`order_id`,`user_id`,`created`,`money`,`pay_type`) VALUES ('18122419521441327','1','2018-12-24 19:52:14','10','1') [ RunTime:0.0035s ]

