[ 2018-12-25T09:30:45+08:00 ] ::1 /vip/points/index
INFO: [ app_init ] --START--
INFO: Run Behavior\BuildLiteBehavior [ RunTime:0.000056s ]
INFO: [ app_init ] --END-- [ RunTime:0.004371s ]
INFO: [ app_begin ] --START--
INFO: Run Behavior\ReadHtmlCacheBehavior [ RunTime:0.003124s ]
INFO: [ app_begin ] --END-- [ RunTime:0.003361s ]
NOTIC: [2048] Declaration of Vip\Controller\PointsController::get() should be compatible with Think\Controller::get($name = '') /Users/tangyihang/Desktop/cai/夺宝备份/com_duobao_www/Application/Vip/Controller/PointsController.class.php 第 8 行.

[ 2018-12-25T09:31:44+08:00 ] ::1 /vip
INFO: [ app_init ] --START--
INFO: Run Behavior\BuildLiteBehavior [ RunTime:0.000026s ]
INFO: [ app_init ] --END-- [ RunTime:0.000599s ]
INFO: [ app_begin ] --START--
INFO: Run Behavior\ReadHtmlCacheBehavior [ RunTime:0.000871s ]
INFO: [ app_begin ] --END-- [ RunTime:0.001516s ]
SQL: SHOW COLUMNS FROM `sh_user` [ RunTime:0.0054s ]
SQL: SELECT * FROM `sh_user` WHERE `id` = 1 LIMIT 1   [ RunTime:0.0006s ]
SQL: SHOW COLUMNS FROM `sh_order` [ RunTime:0.0073s ]
SQL: SELECT SUM(goods_num) AS tp_sum FROM `sh_order` WHERE `user_id` = 1 AND `result` = 2 LIMIT 1   [ RunTime:0.0055s ]
SQL: SELECT * FROM `sh_user` WHERE `id` = 1 LIMIT 1   [ RunTime:0.0004s ]
SQL: SELECT * FROM `sh_order` WHERE ( `pay_time` >= '2018-12-25 00:00:00' AND `pay_time` <= '2018-12-25 23:59:59'  ) AND `pay_status` = 1 AND `user_id` = 1  [ RunTime:0.0042s ]
SQL: SELECT * FROM `sh_order` WHERE ( `pay_time` >= '2018-12-25 00:00:00' AND `pay_time` <= '2018-12-25 23:59:59'  ) AND `pay_status` = 1 AND `user_id` = 1 AND `result` = 1  [ RunTime:0.0008s ]
SQL: SELECT * FROM `sh_order` WHERE ( `pay_time` >= '2018-12-25 00:00:00' AND `pay_time` <= '2018-12-25 23:59:59'  ) AND `pay_status` = 1 AND `user_id` = 1 AND `result` = 2  [ RunTime:0.0007s ]
INFO: [ view_parse ] --START--
INFO: [ template_filter ] --START--
INFO: Run Behavior\ContentReplaceBehavior [ RunTime:0.000091s ]
INFO: [ template_filter ] --END-- [ RunTime:0.000278s ]
INFO: Run Behavior\ParseTemplateBehavior [ RunTime:0.086995s ]
INFO: [ view_parse ] --END-- [ RunTime:0.087325s ]
INFO: [ view_filter ] --START--
INFO: Run Behavior\WriteHtmlCacheBehavior [ RunTime:0.000986s ]
INFO: Run Behavior\TokenBuildBehavior [ RunTime:0.000768s ]
INFO: [ view_filter ] --END-- [ RunTime:0.002188s ]
INFO: [ app_end ] --START--
INFO: Run Behavior\ShowPageTraceBehavior [ RunTime:0.003772s ]
INFO: [ app_end ] --END-- [ RunTime:0.004217s ]

[ 2018-12-25T09:31:45+08:00 ] ::1 /vip/points/index
INFO: [ app_init ] --START--
INFO: Run Behavior\BuildLiteBehavior [ RunTime:0.000037s ]
INFO: [ app_init ] --END-- [ RunTime:0.000716s ]
INFO: [ app_begin ] --START--
INFO: Run Behavior\ReadHtmlCacheBehavior [ RunTime:0.000835s ]
INFO: [ app_begin ] --END-- [ RunTime:0.000971s ]
NOTIC: [2048] Declaration of Vip\Controller\PointsController::get() should be compatible with Think\Controller::get($name = '') /Users/tangyihang/Desktop/cai/夺宝备份/com_duobao_www/Application/Vip/Controller/PointsController.class.php 第 8 行.
INFO: [ view_parse ] --START--
INFO: [ template_filter ] --START--
INFO: Run Behavior\ContentReplaceBehavior [ RunTime:0.000062s ]
INFO: [ template_filter ] --END-- [ RunTime:0.000184s ]
NOTIC: [8] Undefined variable: output /Users/tangyihang/Desktop/cai/夺宝备份/com_duobao_www/Application/Runtime/Cache/Vip/10e97dde5ec623c2711c5fc5e2a0c519.php 第 6 行.
INFO: Run Behavior\ParseTemplateBehavior [ RunTime:0.020762s ]
INFO: [ view_parse ] --END-- [ RunTime:0.020918s ]
INFO: [ view_filter ] --START--
INFO: Run Behavior\WriteHtmlCacheBehavior [ RunTime:0.000329s ]
INFO: Run Behavior\TokenBuildBehavior [ RunTime:0.000688s ]
INFO: [ view_filter ] --END-- [ RunTime:0.001364s ]
INFO: [ app_end ] --START--
INFO: Run Behavior\ShowPageTraceBehavior [ RunTime:0.000597s ]
INFO: [ app_end ] --END-- [ RunTime:0.000716s ]

[ 2018-12-25T09:31:49+08:00 ] ::1 /vip/points/submit
INFO: [ app_init ] --START--
INFO: Run Behavior\BuildLiteBehavior [ RunTime:0.000047s ]
INFO: [ app_init ] --END-- [ RunTime:0.001247s ]
INFO: [ app_begin ] --START--
INFO: Run Behavior\ReadHtmlCacheBehavior [ RunTime:0.001758s ]
INFO: [ app_begin ] --END-- [ RunTime:0.002543s ]
NOTIC: [2048] Declaration of Vip\Controller\PointsController::get() should be compatible with Think\Controller::get($name = '') /Users/tangyihang/Desktop/cai/夺宝备份/com_duobao_www/Application/Vip/Controller/PointsController.class.php 第 8 行.
SQL: SHOW COLUMNS FROM `sh_points_order` [ RunTime:0.0197s ]
SQL: INSERT INTO `sh_points_order` (`order_id`,`user_id`,`created`,`money`,`pay_type`) VALUES ('18122509314950810','1','2018-12-25 09:31:49','10','1') [ RunTime:0.0123s ]

[ 2018-12-25T09:37:06+08:00 ] ::1 /vip/points/index
INFO: [ app_init ] --START--
INFO: Run Behavior\BuildLiteBehavior [ RunTime:0.000046s ]
INFO: [ app_init ] --END-- [ RunTime:0.004554s ]
INFO: [ app_begin ] --START--
INFO: Run Behavior\ReadHtmlCacheBehavior [ RunTime:0.003454s ]
INFO: [ app_begin ] --END-- [ RunTime:0.003662s ]
NOTIC: [2048] Declaration of Vip\Controller\PointsController::get() should be compatible with Think\Controller::get($name = '') /Users/tangyihang/Desktop/cai/夺宝备份/com_duobao_www/Application/Vip/Controller/PointsController.class.php 第 8 行.
INFO: [ view_parse ] --START--
INFO: [ template_filter ] --START--
INFO: Run Behavior\ContentReplaceBehavior [ RunTime:0.000151s ]
INFO: [ template_filter ] --END-- [ RunTime:0.000339s ]
NOTIC: [8] Undefined variable: output /Users/tangyihang/Desktop/cai/夺宝备份/com_duobao_www/Application/Runtime/Cache/Vip/10e97dde5ec623c2711c5fc5e2a0c519.php 第 6 行.
INFO: Run Behavior\ParseTemplateBehavior [ RunTime:0.037719s ]
INFO: [ view_parse ] --END-- [ RunTime:0.038076s ]
INFO: [ view_filter ] --START--
INFO: Run Behavior\WriteHtmlCacheBehavior [ RunTime:0.001254s ]
INFO: Run Behavior\TokenBuildBehavior [ RunTime:0.001851s ]
INFO: [ view_filter ] --END-- [ RunTime:0.003667s ]
INFO: [ app_end ] --START--
INFO: Run Behavior\ShowPageTraceBehavior [ RunTime:0.003490s ]
INFO: [ app_end ] --END-- [ RunTime:0.003684s ]

[ 2018-12-25T09:37:09+08:00 ] ::1 /vip/points/submit
INFO: [ app_init ] --START--
INFO: Run Behavior\BuildLiteBehavior [ RunTime:0.000043s ]
INFO: [ app_init ] --END-- [ RunTime:0.001735s ]
INFO: [ app_begin ] --START--
INFO: Run Behavior\ReadHtmlCacheBehavior [ RunTime:0.001546s ]
INFO: [ app_begin ] --END-- [ RunTime:0.002145s ]
NOTIC: [2048] Declaration of Vip\Controller\PointsController::get() should be compatible with Think\Controller::get($name = '') /Users/tangyihang/Desktop/cai/夺宝备份/com_duobao_www/Application/Vip/Controller/PointsController.class.php 第 8 行.
SQL: SHOW COLUMNS FROM `sh_points_order` [ RunTime:0.0124s ]
SQL: INSERT INTO `sh_points_order` (`order_id`,`user_id`,`created`,`money`,`pay_type`) VALUES ('18122509370913332','1','2018-12-25 09:37:09','10','1') [ RunTime:0.0041s ]

[ 2018-12-25T09:42:58+08:00 ] ::1 /vip
INFO: [ app_init ] --START--
INFO: Run Behavior\BuildLiteBehavior [ RunTime:0.000143s ]
INFO: [ app_init ] --END-- [ RunTime:0.004667s ]
INFO: [ app_begin ] --START--
INFO: Run Behavior\ReadHtmlCacheBehavior [ RunTime:0.003830s ]
INFO: [ app_begin ] --END-- [ RunTime:0.004102s ]
SQL: SHOW COLUMNS FROM `sh_user` [ RunTime:0.0118s ]
SQL: SELECT * FROM `sh_user` WHERE `id` = 1 LIMIT 1   [ RunTime:0.0025s ]
SQL: SHOW COLUMNS FROM `sh_order` [ RunTime:0.0084s ]
SQL: SELECT SUM(goods_num) AS tp_sum FROM `sh_order` WHERE `user_id` = 1 AND `result` = 2 LIMIT 1   [ RunTime:0.0004s ]
SQL: SELECT * FROM `sh_user` WHERE `id` = 1 LIMIT 1   [ RunTime:0.0012s ]
SQL: SELECT * FROM `sh_order` WHERE ( `pay_time` >= '2018-12-25 00:00:00' AND `pay_time` <= '2018-12-25 23:59:59'  ) AND `pay_status` = 1 AND `user_id` = 1  [ RunTime:0.0011s ]
SQL: SELECT * FROM `sh_order` WHERE ( `pay_time` >= '2018-12-25 00:00:00' AND `pay_time` <= '2018-12-25 23:59:59'  ) AND `pay_status` = 1 AND `user_id` = 1 AND `result` = 1  [ RunTime:0.0006s ]
SQL: SELECT * FROM `sh_order` WHERE ( `pay_time` >= '2018-12-25 00:00:00' AND `pay_time` <= '2018-12-25 23:59:59'  ) AND `pay_status` = 1 AND `user_id` = 1 AND `result` = 2  [ RunTime:0.0005s ]
INFO: [ view_parse ] --START--
INFO: [ template_filter ] --START--
INFO: Run Behavior\ContentReplaceBehavior [ RunTime:0.000082s ]
INFO: [ template_filter ] --END-- [ RunTime:0.000203s ]
INFO: Run Behavior\ParseTemplateBehavior [ RunTime:0.096157s ]
INFO: [ view_parse ] --END-- [ RunTime:0.096564s ]
INFO: [ view_filter ] --START--
INFO: Run Behavior\WriteHtmlCacheBehavior [ RunTime:0.000885s ]
INFO: Run Behavior\TokenBuildBehavior [ RunTime:0.003614s ]
INFO: [ view_filter ] --END-- [ RunTime:0.004746s ]
INFO: [ app_end ] --START--
INFO: Run Behavior\ShowPageTraceBehavior [ RunTime:0.003491s ]
INFO: [ app_end ] --END-- [ RunTime:0.003640s ]

[ 2018-12-25T09:43:04+08:00 ] ::1 /vip/index/logout
INFO: [ app_init ] --START--
INFO: Run Behavior\BuildLiteBehavior [ RunTime:0.000044s ]
INFO: [ app_init ] --END-- [ RunTime:0.000956s ]
INFO: [ app_begin ] --START--
INFO: Run Behavior\ReadHtmlCacheBehavior [ RunTime:0.001328s ]
INFO: [ app_begin ] --END-- [ RunTime:0.001647s ]

[ 2018-12-25T09:46:43+08:00 ] ::1 /vip
INFO: [ app_init ] --START--
INFO: Run Behavior\BuildLiteBehavior [ RunTime:0.000070s ]
INFO: [ app_init ] --END-- [ RunTime:0.001581s ]
INFO: [ app_begin ] --START--
INFO: Run Behavior\ReadHtmlCacheBehavior [ RunTime:0.000694s ]
INFO: [ app_begin ] --END-- [ RunTime:0.000835s ]
SQL: SHOW COLUMNS FROM `sh_user` [ RunTime:0.0053s ]
SQL: SELECT * FROM `sh_user` WHERE `id` = 1 LIMIT 1   [ RunTime:0.0004s ]
SQL: SHOW COLUMNS FROM `sh_order` [ RunTime:0.0103s ]
SQL: SELECT SUM(goods_num) AS tp_sum FROM `sh_order` WHERE `user_id` = 1 AND `result` = 2 LIMIT 1   [ RunTime:0.0003s ]
SQL: SELECT * FROM `sh_user` WHERE `id` = 1 LIMIT 1   [ RunTime:0.0003s ]
SQL: SELECT * FROM `sh_order` WHERE ( `pay_time` >= '2018-12-25 00:00:00' AND `pay_time` <= '2018-12-25 23:59:59'  ) AND `pay_status` = 1 AND `user_id` = 1  [ RunTime:0.0004s ]
SQL: SELECT * FROM `sh_order` WHERE ( `pay_time` >= '2018-12-25 00:00:00' AND `pay_time` <= '2018-12-25 23:59:59'  ) AND `pay_status` = 1 AND `user_id` = 1 AND `result` = 1  [ RunTime:0.0006s ]
SQL: SELECT * FROM `sh_order` WHERE ( `pay_time` >= '2018-12-25 00:00:00' AND `pay_time` <= '2018-12-25 23:59:59'  ) AND `pay_status` = 1 AND `user_id` = 1 AND `result` = 2  [ RunTime:0.0006s ]
INFO: [ view_parse ] --START--
INFO: [ template_filter ] --START--
INFO: Run Behavior\ContentReplaceBehavior [ RunTime:0.000070s ]
INFO: [ template_filter ] --END-- [ RunTime:0.000210s ]
INFO: Run Behavior\ParseTemplateBehavior [ RunTime:0.083102s ]
INFO: [ view_parse ] --END-- [ RunTime:0.083274s ]
INFO: [ view_filter ] --START--
INFO: Run Behavior\WriteHtmlCacheBehavior [ RunTime:0.000262s ]
INFO: Run Behavior\TokenBuildBehavior [ RunTime:0.000361s ]
INFO: [ view_filter ] --END-- [ RunTime:0.000893s ]
INFO: [ app_end ] --START--
INFO: Run Behavior\ShowPageTraceBehavior [ RunTime:0.001694s ]
INFO: [ app_end ] --END-- [ RunTime:0.001947s ]

[ 2018-12-25T09:46:45+08:00 ] ::1 /Vip/Tui/invite
INFO: [ app_init ] --START--
INFO: Run Behavior\BuildLiteBehavior [ RunTime:0.000044s ]
INFO: [ app_init ] --END-- [ RunTime:0.000988s ]
INFO: [ app_begin ] --START--
INFO: Run Behavior\ReadHtmlCacheBehavior [ RunTime:0.000722s ]
INFO: [ app_begin ] --END-- [ RunTime:0.000896s ]
SQL: SHOW COLUMNS FROM `sh_user` [ RunTime:0.0071s ]
SQL: SELECT * FROM `sh_user` WHERE `id` = 1 LIMIT 1   [ RunTime:0.0007s ]
INFO: [ view_parse ] --START--
INFO: [ template_filter ] --START--
INFO: Run Behavior\ContentReplaceBehavior [ RunTime:0.000083s ]
INFO: [ template_filter ] --END-- [ RunTime:0.000241s ]
NOTIC: [8] Undefined index: title /Users/tangyihang/Desktop/cai/夺宝备份/com_duobao_www/Application/Runtime/Cache/Vip/d79bfc63e74388d3f04d950fc5531af2.php 第 6 行.
INFO: Run Behavior\ParseTemplateBehavior [ RunTime:0.040377s ]
INFO: [ view_parse ] --END-- [ RunTime:0.040640s ]
INFO: [ view_filter ] --START--
INFO: Run Behavior\WriteHtmlCacheBehavior [ RunTime:0.000458s ]
INFO: Run Behavior\TokenBuildBehavior [ RunTime:0.000645s ]
INFO: [ view_filter ] --END-- [ RunTime:0.001413s ]
INFO: [ app_end ] --START--
INFO: Run Behavior\ShowPageTraceBehavior [ RunTime:0.000593s ]
INFO: [ app_end ] --END-- [ RunTime:0.000702s ]

[ 2018-12-25T16:30:42+08:00 ] ::1 /vip
INFO: [ app_init ] --START--
INFO: Run Behavior\BuildLiteBehavior [ RunTime:0.000066s ]
INFO: [ app_init ] --END-- [ RunTime:0.001032s ]
INFO: [ app_begin ] --START--
INFO: Run Behavior\ReadHtmlCacheBehavior [ RunTime:0.001578s ]
INFO: [ app_begin ] --END-- [ RunTime:0.002639s ]
SQL: SHOW COLUMNS FROM `sh_user` [ RunTime:0.0051s ]
SQL: SELECT * FROM `sh_user` WHERE `id` = 1 LIMIT 1   [ RunTime:0.0004s ]
SQL: SHOW COLUMNS FROM `sh_order` [ RunTime:0.0085s ]
SQL: SELECT SUM(goods_num) AS tp_sum FROM `sh_order` WHERE `user_id` = 1 AND `result` = 2 LIMIT 1   [ RunTime:0.0080s ]
SQL: SELECT * FROM `sh_user` WHERE `id` = 1 LIMIT 1   [ RunTime:0.0004s ]
SQL: SELECT * FROM `sh_order` WHERE ( `pay_time` >= '2018-12-25 00:00:00' AND `pay_time` <= '2018-12-25 23:59:59'  ) AND `pay_status` = 1 AND `user_id` = 1  [ RunTime:0.0047s ]
SQL: SELECT * FROM `sh_order` WHERE ( `pay_time` >= '2018-12-25 00:00:00' AND `pay_time` <= '2018-12-25 23:59:59'  ) AND `pay_status` = 1 AND `user_id` = 1 AND `result` = 1  [ RunTime:0.0017s ]
SQL: SELECT * FROM `sh_order` WHERE ( `pay_time` >= '2018-12-25 00:00:00' AND `pay_time` <= '2018-12-25 23:59:59'  ) AND `pay_status` = 1 AND `user_id` = 1 AND `result` = 2  [ RunTime:0.0010s ]
INFO: [ view_parse ] --START--
INFO: [ template_filter ] --START--
INFO: Run Behavior\ContentReplaceBehavior [ RunTime:0.000082s ]
INFO: [ template_filter ] --END-- [ RunTime:0.000208s ]
INFO: Run Behavior\ParseTemplateBehavior [ RunTime:0.081325s ]
INFO: [ view_parse ] --END-- [ RunTime:0.081595s ]
INFO: [ view_filter ] --START--
INFO: Run Behavior\WriteHtmlCacheBehavior [ RunTime:0.000304s ]
INFO: Run Behavior\TokenBuildBehavior [ RunTime:0.000460s ]
INFO: [ view_filter ] --END-- [ RunTime:0.001004s ]
INFO: [ app_end ] --START--
INFO: Run Behavior\ShowPageTraceBehavior [ RunTime:0.000787s ]
INFO: [ app_end ] --END-- [ RunTime:0.001074s ]

[ 2018-12-25T16:31:03+08:00 ] ::1 /Vip/Tui/index?phone=13987654321
INFO: [ app_init ] --START--
INFO: Run Behavior\BuildLiteBehavior [ RunTime:0.000089s ]
INFO: [ app_init ] --END-- [ RunTime:0.003335s ]
INFO: [ app_begin ] --START--
INFO: Run Behavior\ReadHtmlCacheBehavior [ RunTime:0.000855s ]
INFO: [ app_begin ] --END-- [ RunTime:0.001016s ]
SQL: SHOW COLUMNS FROM `sh_user` [ RunTime:0.0068s ]
SQL: SHOW COLUMNS FROM `sh_user` [ RunTime:0.0076s ]
SQL: SELECT * FROM `sh_user` WHERE (  `phone` = '13987654321' ) LIMIT 1   [ RunTime:0.0010s ]
SQL: SELECT * FROM `sh_user` WHERE (  `id` = '1' ) LIMIT 1   [ RunTime:0.0031s ]
SQL: SELECT * FROM `sh_user` WHERE (  `parent_id` = '1' ) ORDER BY id desc LIMIT 0,20   [ RunTime:0.0010s ]
SQL: SHOW COLUMNS FROM `sh_order` [ RunTime:0.0077s ]
SQL: SHOW COLUMNS FROM `sh_order` [ RunTime:0.0071s ]
SQL: SELECT SUM(goods_num) AS tp_sum FROM `sh_order` WHERE ( `pay_time` >= '2018-12-25 00:00:00' AND `pay_time` <= '2018-12-25 23:59:59'  ) AND `pay_status` = 1 AND `user_id` = 2 LIMIT 1   [ RunTime:0.0006s ]
SQL: SELECT SUM(goods_num) AS tp_sum FROM `sh_order` WHERE ( `pay_time` >= '2018-12-01 00:00:00' AND `pay_time` <= '2018-12-31 23:59:59'  ) AND `pay_status` = 1 AND `user_id` = 2 LIMIT 1   [ RunTime:0.0011s ]
SQL: SELECT SUM(goods_num) AS tp_sum FROM `sh_order` WHERE `pay_status` = 1 AND `user_id` = 2 LIMIT 1   [ RunTime:0.0009s ]
SQL: SELECT SUM(goods_num) AS tp_sum FROM `sh_order` WHERE ( `pay_time` >= '2018-12-25 00:00:00' AND `pay_time` <= '2018-12-25 23:59:59'  ) AND `pay_status` = 1 AND `user_id` = 1 LIMIT 1   [ RunTime:0.0012s ]
SQL: SELECT SUM(goods_num) AS tp_sum FROM `sh_order` WHERE ( `pay_time` >= '2018-12-01 00:00:00' AND `pay_time` <= '2018-12-31 23:59:59'  ) AND `pay_status` = 1 AND `user_id` = 1 LIMIT 1   [ RunTime:0.0013s ]
SQL: SELECT SUM(goods_num) AS tp_sum FROM `sh_order` WHERE `pay_status` = 1 AND `user_id` = 1 LIMIT 1   [ RunTime:0.0012s ]
INFO: [ view_parse ] --START--
INFO: [ template_filter ] --START--
INFO: Run Behavior\ContentReplaceBehavior [ RunTime:0.000065s ]
INFO: [ template_filter ] --END-- [ RunTime:0.000188s ]
NOTIC: [8] Undefined index: title /Users/tangyihang/Desktop/cai/夺宝备份/com_duobao_www/Application/Runtime/Cache/Vip/02184646a4d98a118c555f6c8f28bfd0.php 第 6 行.
NOTIC: [8] Undefined variable: openid /Users/tangyihang/Desktop/cai/夺宝备份/com_duobao_www/Application/Runtime/Cache/Vip/02184646a4d98a118c555f6c8f28bfd0.php 第 78 行.
INFO: Run Behavior\ParseTemplateBehavior [ RunTime:0.033793s ]
INFO: [ view_parse ] --END-- [ RunTime:0.034195s ]
INFO: [ view_filter ] --START--
INFO: Run Behavior\WriteHtmlCacheBehavior [ RunTime:0.000360s ]
INFO: Run Behavior\TokenBuildBehavior [ RunTime:0.000510s ]
INFO: [ view_filter ] --END-- [ RunTime:0.001139s ]
INFO: [ app_end ] --START--
INFO: Run Behavior\ShowPageTraceBehavior [ RunTime:0.000883s ]
INFO: [ app_end ] --END-- [ RunTime:0.001057s ]

[ 2018-12-25T16:31:06+08:00 ] ::1 /Vip/Tui/index?phone=13987654321
INFO: [ app_init ] --START--
INFO: Run Behavior\BuildLiteBehavior [ RunTime:0.000080s ]
INFO: [ app_init ] --END-- [ RunTime:0.001569s ]
INFO: [ app_begin ] --START--
INFO: Run Behavior\ReadHtmlCacheBehavior [ RunTime:0.001115s ]
INFO: [ app_begin ] --END-- [ RunTime:0.001421s ]
SQL: SHOW COLUMNS FROM `sh_user` [ RunTime:0.0081s ]
SQL: SHOW COLUMNS FROM `sh_user` [ RunTime:0.0069s ]
SQL: SELECT * FROM `sh_user` WHERE (  `phone` = '13987654321' ) LIMIT 1   [ RunTime:0.0004s ]
SQL: SELECT * FROM `sh_user` WHERE (  `id` = '1' ) LIMIT 1   [ RunTime:0.0002s ]
SQL: SELECT * FROM `sh_user` WHERE (  `parent_id` = '1' ) ORDER BY id desc LIMIT 0,20   [ RunTime:0.0002s ]
SQL: SHOW COLUMNS FROM `sh_order` [ RunTime:0.0071s ]
SQL: SHOW COLUMNS FROM `sh_order` [ RunTime:0.0080s ]
SQL: SELECT SUM(goods_num) AS tp_sum FROM `sh_order` WHERE ( `pay_time` >= '2018-12-25 00:00:00' AND `pay_time` <= '2018-12-25 23:59:59'  ) AND `pay_status` = 1 AND `user_id` = 2 LIMIT 1   [ RunTime:0.0003s ]
SQL: SELECT SUM(goods_num) AS tp_sum FROM `sh_order` WHERE ( `pay_time` >= '2018-12-01 00:00:00' AND `pay_time` <= '2018-12-31 23:59:59'  ) AND `pay_status` = 1 AND `user_id` = 2 LIMIT 1   [ RunTime:0.0003s ]
SQL: SELECT SUM(goods_num) AS tp_sum FROM `sh_order` WHERE `pay_status` = 1 AND `user_id` = 2 LIMIT 1   [ RunTime:0.0002s ]
SQL: SELECT SUM(goods_num) AS tp_sum FROM `sh_order` WHERE ( `pay_time` >= '2018-12-25 00:00:00' AND `pay_time` <= '2018-12-25 23:59:59'  ) AND `pay_status` = 1 AND `user_id` = 1 LIMIT 1   [ RunTime:0.0004s ]
SQL: SELECT SUM(goods_num) AS tp_sum FROM `sh_order` WHERE ( `pay_time` >= '2018-12-01 00:00:00' AND `pay_time` <= '2018-12-31 23:59:59'  ) AND `pay_status` = 1 AND `user_id` = 1 LIMIT 1   [ RunTime:0.0003s ]
SQL: SELECT SUM(goods_num) AS tp_sum FROM `sh_order` WHERE `pay_status` = 1 AND `user_id` = 1 LIMIT 1   [ RunTime:0.0003s ]
INFO: [ view_parse ] --START--
INFO: [ template_filter ] --START--
INFO: Run Behavior\ContentReplaceBehavior [ RunTime:0.000070s ]
INFO: [ template_filter ] --END-- [ RunTime:0.000203s ]
NOTIC: [8] Undefined index: title /Users/tangyihang/Desktop/cai/夺宝备份/com_duobao_www/Application/Runtime/Cache/Vip/02184646a4d98a118c555f6c8f28bfd0.php 第 6 行.
NOTIC: [8] Undefined variable: openid /Users/tangyihang/Desktop/cai/夺宝备份/com_duobao_www/Application/Runtime/Cache/Vip/02184646a4d98a118c555f6c8f28bfd0.php 第 78 行.
INFO: Run Behavior\ParseTemplateBehavior [ RunTime:0.018801s ]
INFO: [ view_parse ] --END-- [ RunTime:0.019007s ]
INFO: [ view_filter ] --START--
INFO: Run Behavior\WriteHtmlCacheBehavior [ RunTime:0.000323s ]
INFO: Run Behavior\TokenBuildBehavior [ RunTime:0.000447s ]
INFO: [ view_filter ] --END-- [ RunTime:0.001015s ]
INFO: [ app_end ] --START--
INFO: Run Behavior\ShowPageTraceBehavior [ RunTime:0.001541s ]
INFO: [ app_end ] --END-- [ RunTime:0.001905s ]

[ 2018-12-25T16:32:55+08:00 ] ::1 /vip
INFO: [ app_init ] --START--
INFO: Run Behavior\BuildLiteBehavior [ RunTime:0.000045s ]
INFO: [ app_init ] --END-- [ RunTime:0.000683s ]
INFO: [ app_begin ] --START--
INFO: Run Behavior\ReadHtmlCacheBehavior [ RunTime:0.001007s ]
INFO: [ app_begin ] --END-- [ RunTime:0.001218s ]
SQL: SHOW COLUMNS FROM `sh_user` [ RunTime:0.0069s ]
SQL: SELECT * FROM `sh_user` WHERE `id` = 1 LIMIT 1   [ RunTime:0.0007s ]
SQL: SHOW COLUMNS FROM `sh_order` [ RunTime:0.0073s ]
SQL: SELECT SUM(goods_num) AS tp_sum FROM `sh_order` WHERE `user_id` = 1 AND `result` = 2 LIMIT 1   [ RunTime:0.0004s ]
SQL: SELECT * FROM `sh_user` WHERE `id` = 1 LIMIT 1   [ RunTime:0.0003s ]
SQL: SELECT * FROM `sh_order` WHERE ( `pay_time` >= '2018-12-25 00:00:00' AND `pay_time` <= '2018-12-25 23:59:59'  ) AND `pay_status` = 1 AND `user_id` = 1  [ RunTime:0.0003s ]
SQL: SELECT * FROM `sh_order` WHERE ( `pay_time` >= '2018-12-25 00:00:00' AND `pay_time` <= '2018-12-25 23:59:59'  ) AND `pay_status` = 1 AND `user_id` = 1 AND `result` = 1  [ RunTime:0.0003s ]
SQL: SELECT * FROM `sh_order` WHERE ( `pay_time` >= '2018-12-25 00:00:00' AND `pay_time` <= '2018-12-25 23:59:59'  ) AND `pay_status` = 1 AND `user_id` = 1 AND `result` = 2  [ RunTime:0.0004s ]
INFO: [ view_parse ] --START--
INFO: [ template_filter ] --START--
INFO: Run Behavior\ContentReplaceBehavior [ RunTime:0.000088s ]
INFO: [ template_filter ] --END-- [ RunTime:0.000228s ]
INFO: Run Behavior\ParseTemplateBehavior [ RunTime:0.078272s ]
INFO: [ view_parse ] --END-- [ RunTime:0.078431s ]
INFO: [ view_filter ] --START--
INFO: Run Behavior\WriteHtmlCacheBehavior [ RunTime:0.000396s ]
INFO: Run Behavior\TokenBuildBehavior [ RunTime:0.000447s ]
INFO: [ view_filter ] --END-- [ RunTime:0.001059s ]
INFO: [ app_end ] --START--
INFO: Run Behavior\ShowPageTraceBehavior [ RunTime:0.000687s ]
INFO: [ app_end ] --END-- [ RunTime:0.000862s ]

[ 2018-12-25T16:32:57+08:00 ] ::1 /vip
INFO: [ app_init ] --START--
INFO: Run Behavior\BuildLiteBehavior [ RunTime:0.000028s ]
INFO: [ app_init ] --END-- [ RunTime:0.000524s ]
INFO: [ app_begin ] --START--
INFO: Run Behavior\ReadHtmlCacheBehavior [ RunTime:0.000531s ]
INFO: [ app_begin ] --END-- [ RunTime:0.000690s ]
SQL: SHOW COLUMNS FROM `sh_user` [ RunTime:0.0070s ]
SQL: SELECT * FROM `sh_user` WHERE `id` = 1 LIMIT 1   [ RunTime:0.0004s ]
SQL: SHOW COLUMNS FROM `sh_order` [ RunTime:0.0066s ]
SQL: SELECT SUM(goods_num) AS tp_sum FROM `sh_order` WHERE `user_id` = 1 AND `result` = 2 LIMIT 1   [ RunTime:0.0002s ]
SQL: SELECT * FROM `sh_user` WHERE `id` = 1 LIMIT 1   [ RunTime:0.0002s ]
SQL: SELECT * FROM `sh_order` WHERE ( `pay_time` >= '2018-12-25 00:00:00' AND `pay_time` <= '2018-12-25 23:59:59'  ) AND `pay_status` = 1 AND `user_id` = 1  [ RunTime:0.0007s ]
SQL: SELECT * FROM `sh_order` WHERE ( `pay_time` >= '2018-12-25 00:00:00' AND `pay_time` <= '2018-12-25 23:59:59'  ) AND `pay_status` = 1 AND `user_id` = 1 AND `result` = 1  [ RunTime:0.0009s ]
SQL: SELECT * FROM `sh_order` WHERE ( `pay_time` >= '2018-12-25 00:00:00' AND `pay_time` <= '2018-12-25 23:59:59'  ) AND `pay_status` = 1 AND `user_id` = 1 AND `result` = 2  [ RunTime:0.0004s ]
INFO: [ view_parse ] --START--
INFO: [ template_filter ] --START--
INFO: Run Behavior\ContentReplaceBehavior [ RunTime:0.000072s ]
INFO: [ template_filter ] --END-- [ RunTime:0.000203s ]
INFO: Run Behavior\ParseTemplateBehavior [ RunTime:0.057243s ]
INFO: [ view_parse ] --END-- [ RunTime:0.057494s ]
INFO: [ view_filter ] --START--
INFO: Run Behavior\WriteHtmlCacheBehavior [ RunTime:0.000481s ]
INFO: Run Behavior\TokenBuildBehavior [ RunTime:0.000752s ]
INFO: [ view_filter ] --END-- [ RunTime:0.001658s ]
INFO: [ app_end ] --START--
INFO: Run Behavior\ShowPageTraceBehavior [ RunTime:0.002362s ]
INFO: [ app_end ] --END-- [ RunTime:0.002850s ]

[ 2018-12-25T16:32:58+08:00 ] ::1 /vip
INFO: [ app_init ] --START--
INFO: Run Behavior\BuildLiteBehavior [ RunTime:0.000071s ]
INFO: [ app_init ] --END-- [ RunTime:0.002038s ]
INFO: [ app_begin ] --START--
INFO: Run Behavior\ReadHtmlCacheBehavior [ RunTime:0.002896s ]
INFO: [ app_begin ] --END-- [ RunTime:0.003300s ]
SQL: SHOW COLUMNS FROM `sh_user` [ RunTime:0.0072s ]
SQL: SELECT * FROM `sh_user` WHERE `id` = 1 LIMIT 1   [ RunTime:0.0005s ]
SQL: SHOW COLUMNS FROM `sh_order` [ RunTime:0.0091s ]
SQL: SELECT SUM(goods_num) AS tp_sum FROM `sh_order` WHERE `user_id` = 1 AND `result` = 2 LIMIT 1   [ RunTime:0.0003s ]
SQL: SELECT * FROM `sh_user` WHERE `id` = 1 LIMIT 1   [ RunTime:0.0004s ]
SQL: SELECT * FROM `sh_order` WHERE ( `pay_time` >= '2018-12-25 00:00:00' AND `pay_time` <= '2018-12-25 23:59:59'  ) AND `pay_status` = 1 AND `user_id` = 1  [ RunTime:0.0005s ]
SQL: SELECT * FROM `sh_order` WHERE ( `pay_time` >= '2018-12-25 00:00:00' AND `pay_time` <= '2018-12-25 23:59:59'  ) AND `pay_status` = 1 AND `user_id` = 1 AND `result` = 1  [ RunTime:0.0004s ]
SQL: SELECT * FROM `sh_order` WHERE ( `pay_time` >= '2018-12-25 00:00:00' AND `pay_time` <= '2018-12-25 23:59:59'  ) AND `pay_status` = 1 AND `user_id` = 1 AND `result` = 2  [ RunTime:0.0003s ]
INFO: [ view_parse ] --START--
INFO: [ template_filter ] --START--
INFO: Run Behavior\ContentReplaceBehavior [ RunTime:0.000080s ]
INFO: [ template_filter ] --END-- [ RunTime:0.000222s ]
INFO: Run Behavior\ParseTemplateBehavior [ RunTime:0.021410s ]
INFO: [ view_parse ] --END-- [ RunTime:0.021787s ]
INFO: [ view_filter ] --START--
INFO: Run Behavior\WriteHtmlCacheBehavior [ RunTime:0.000259s ]
INFO: Run Behavior\TokenBuildBehavior [ RunTime:0.000320s ]
INFO: [ view_filter ] --END-- [ RunTime:0.000750s ]
INFO: [ app_end ] --START--
INFO: Run Behavior\ShowPageTraceBehavior [ RunTime:0.000531s ]
INFO: [ app_end ] --END-- [ RunTime:0.000652s ]

[ 2018-12-25T16:32:59+08:00 ] ::1 /vip
INFO: [ app_init ] --START--
INFO: Run Behavior\BuildLiteBehavior [ RunTime:0.000047s ]
INFO: [ app_init ] --END-- [ RunTime:0.002302s ]
INFO: [ app_begin ] --START--
INFO: Run Behavior\ReadHtmlCacheBehavior [ RunTime:0.000776s ]
INFO: [ app_begin ] --END-- [ RunTime:0.000956s ]
SQL: SHOW COLUMNS FROM `sh_user` [ RunTime:0.0070s ]
SQL: SELECT * FROM `sh_user` WHERE `id` = 1 LIMIT 1   [ RunTime:0.0005s ]
SQL: SHOW COLUMNS FROM `sh_order` [ RunTime:0.0070s ]
SQL: SELECT SUM(goods_num) AS tp_sum FROM `sh_order` WHERE `user_id` = 1 AND `result` = 2 LIMIT 1   [ RunTime:0.0004s ]
SQL: SELECT * FROM `sh_user` WHERE `id` = 1 LIMIT 1   [ RunTime:0.0005s ]
SQL: SELECT * FROM `sh_order` WHERE ( `pay_time` >= '2018-12-25 00:00:00' AND `pay_time` <= '2018-12-25 23:59:59'  ) AND `pay_status` = 1 AND `user_id` = 1  [ RunTime:0.0003s ]
SQL: SELECT * FROM `sh_order` WHERE ( `pay_time` >= '2018-12-25 00:00:00' AND `pay_time` <= '2018-12-25 23:59:59'  ) AND `pay_status` = 1 AND `user_id` = 1 AND `result` = 1  [ RunTime:0.0004s ]
SQL: SELECT * FROM `sh_order` WHERE ( `pay_time` >= '2018-12-25 00:00:00' AND `pay_time` <= '2018-12-25 23:59:59'  ) AND `pay_status` = 1 AND `user_id` = 1 AND `result` = 2  [ RunTime:0.0004s ]
INFO: [ view_parse ] --START--
INFO: [ template_filter ] --START--
INFO: Run Behavior\ContentReplaceBehavior [ RunTime:0.000081s ]
INFO: [ template_filter ] --END-- [ RunTime:0.000229s ]
INFO: Run Behavior\ParseTemplateBehavior [ RunTime:0.018339s ]
INFO: [ view_parse ] --END-- [ RunTime:0.018516s ]
INFO: [ view_filter ] --START--
INFO: Run Behavior\WriteHtmlCacheBehavior [ RunTime:0.000639s ]
INFO: Run Behavior\TokenBuildBehavior [ RunTime:0.000510s ]
INFO: [ view_filter ] --END-- [ RunTime:0.001665s ]
INFO: [ app_end ] --START--
INFO: Run Behavior\ShowPageTraceBehavior [ RunTime:0.000888s ]
INFO: [ app_end ] --END-- [ RunTime:0.001051s ]

[ 2018-12-25T16:33:04+08:00 ] ::1 /vip
INFO: [ app_init ] --START--
INFO: Run Behavior\BuildLiteBehavior [ RunTime:0.000087s ]
INFO: [ app_init ] --END-- [ RunTime:0.001120s ]
INFO: [ app_begin ] --START--
INFO: Run Behavior\ReadHtmlCacheBehavior [ RunTime:0.000804s ]
INFO: [ app_begin ] --END-- [ RunTime:0.001032s ]
SQL: SHOW COLUMNS FROM `sh_user` [ RunTime:0.0103s ]
SQL: SELECT * FROM `sh_user` WHERE `id` = 1 LIMIT 1   [ RunTime:0.0007s ]
SQL: SHOW COLUMNS FROM `sh_order` [ RunTime:0.0069s ]
SQL: SELECT SUM(goods_num) AS tp_sum FROM `sh_order` WHERE `user_id` = 1 AND `result` = 2 LIMIT 1   [ RunTime:0.0003s ]
SQL: SELECT * FROM `sh_user` WHERE `id` = 1 LIMIT 1   [ RunTime:0.0005s ]
SQL: SELECT * FROM `sh_order` WHERE ( `pay_time` >= '2018-12-25 00:00:00' AND `pay_time` <= '2018-12-25 23:59:59'  ) AND `pay_status` = 1 AND `user_id` = 1  [ RunTime:0.0004s ]
SQL: SELECT * FROM `sh_order` WHERE ( `pay_time` >= '2018-12-25 00:00:00' AND `pay_time` <= '2018-12-25 23:59:59'  ) AND `pay_status` = 1 AND `user_id` = 1 AND `result` = 1  [ RunTime:0.0003s ]
SQL: SELECT * FROM `sh_order` WHERE ( `pay_time` >= '2018-12-25 00:00:00' AND `pay_time` <= '2018-12-25 23:59:59'  ) AND `pay_status` = 1 AND `user_id` = 1 AND `result` = 2  [ RunTime:0.0003s ]
INFO: [ view_parse ] --START--
INFO: [ template_filter ] --START--
INFO: Run Behavior\ContentReplaceBehavior [ RunTime:0.000072s ]
INFO: [ template_filter ] --END-- [ RunTime:0.000204s ]
INFO: Run Behavior\ParseTemplateBehavior [ RunTime:0.023141s ]
INFO: [ view_parse ] --END-- [ RunTime:0.023299s ]
INFO: [ view_filter ] --START--
INFO: Run Behavior\WriteHtmlCacheBehavior [ RunTime:0.000333s ]
INFO: Run Behavior\TokenBuildBehavior [ RunTime:0.000431s ]
INFO: [ view_filter ] --END-- [ RunTime:0.000988s ]
INFO: [ app_end ] --START--
INFO: Run Behavior\ShowPageTraceBehavior [ RunTime:0.000883s ]
INFO: [ app_end ] --END-- [ RunTime:0.001013s ]

[ 2018-12-25T16:33:26+08:00 ] ::1 /vip
INFO: [ app_init ] --START--
INFO: Run Behavior\BuildLiteBehavior [ RunTime:0.000052s ]
INFO: [ app_init ] --END-- [ RunTime:0.001568s ]
INFO: [ app_begin ] --START--
INFO: Run Behavior\ReadHtmlCacheBehavior [ RunTime:0.000948s ]
INFO: [ app_begin ] --END-- [ RunTime:0.001278s ]
SQL: SHOW COLUMNS FROM `sh_user` [ RunTime:0.0074s ]
SQL: SELECT * FROM `sh_user` WHERE `id` = 1 LIMIT 1   [ RunTime:0.0011s ]
SQL: SHOW COLUMNS FROM `sh_order` [ RunTime:0.0072s ]
SQL: SELECT SUM(goods_num) AS tp_sum FROM `sh_order` WHERE `user_id` = 1 AND `result` = 2 LIMIT 1   [ RunTime:0.0003s ]
SQL: SELECT * FROM `sh_user` WHERE `id` = 1 LIMIT 1   [ RunTime:0.0003s ]
SQL: SELECT * FROM `sh_order` WHERE ( `pay_time` >= '2018-12-25 00:00:00' AND `pay_time` <= '2018-12-25 23:59:59'  ) AND `pay_status` = 1 AND `user_id` = 1  [ RunTime:0.0003s ]
SQL: SELECT * FROM `sh_order` WHERE ( `pay_time` >= '2018-12-25 00:00:00' AND `pay_time` <= '2018-12-25 23:59:59'  ) AND `pay_status` = 1 AND `user_id` = 1 AND `result` = 1  [ RunTime:0.0005s ]
SQL: SELECT * FROM `sh_order` WHERE ( `pay_time` >= '2018-12-25 00:00:00' AND `pay_time` <= '2018-12-25 23:59:59'  ) AND `pay_status` = 1 AND `user_id` = 1 AND `result` = 2  [ RunTime:0.0003s ]
INFO: [ view_parse ] --START--
INFO: [ template_filter ] --START--
INFO: Run Behavior\ContentReplaceBehavior [ RunTime:0.000065s ]
INFO: [ template_filter ] --END-- [ RunTime:0.000183s ]
INFO: Run Behavior\ParseTemplateBehavior [ RunTime:0.067773s ]
INFO: [ view_parse ] --END-- [ RunTime:0.067912s ]
INFO: [ view_filter ] --START--
INFO: Run Behavior\WriteHtmlCacheBehavior [ RunTime:0.000323s ]
INFO: Run Behavior\TokenBuildBehavior [ RunTime:0.000375s ]
INFO: [ view_filter ] --END-- [ RunTime:0.000892s ]
INFO: [ app_end ] --START--
INFO: Run Behavior\ShowPageTraceBehavior [ RunTime:0.000616s ]
INFO: [ app_end ] --END-- [ RunTime:0.000752s ]

[ 2018-12-25T16:33:28+08:00 ] ::1 /Vip/Tui/tui_advance?phone=13987654321
INFO: [ app_init ] --START--
INFO: Run Behavior\BuildLiteBehavior [ RunTime:0.000058s ]
INFO: [ app_init ] --END-- [ RunTime:0.001084s ]
INFO: [ app_begin ] --START--
INFO: Run Behavior\ReadHtmlCacheBehavior [ RunTime:0.001114s ]
INFO: [ app_begin ] --END-- [ RunTime:0.001450s ]
SQL: SHOW COLUMNS FROM `sh_user` [ RunTime:0.0073s ]
SQL: SELECT * FROM `sh_user` WHERE `phone` = '13987654321' LIMIT 1   [ RunTime:0.0011s ]
SQL: SELECT * FROM `sh_user` WHERE (  `phone` = '13987654321' ) LIMIT 1   [ RunTime:0.0014s ]
SQL: SHOW COLUMNS FROM `sh_order` [ RunTime:0.0076s ]
ERR: SQLSTATE[HY000]: General error: 1436 Thread stack overrun:  135784 bytes used of a 262144 byte stack, and 128000 bytes needed.  Use 'mysqld --thread_stack=#' to specify a bigger stack.

[ 2018-12-25T16:33:41+08:00 ] ::1 /vip/index/logout
INFO: [ app_init ] --START--
INFO: Run Behavior\BuildLiteBehavior [ RunTime:0.000058s ]
INFO: [ app_init ] --END-- [ RunTime:0.001001s ]
INFO: [ app_begin ] --START--
INFO: Run Behavior\ReadHtmlCacheBehavior [ RunTime:0.000975s ]
INFO: [ app_begin ] --END-- [ RunTime:0.001199s ]

[ 2018-12-25T16:33:52+08:00 ] ::1 /vip/user/set
INFO: [ app_init ] --START--
INFO: Run Behavior\BuildLiteBehavior [ RunTime:0.000062s ]
INFO: [ app_init ] --END-- [ RunTime:0.002085s ]
INFO: [ app_begin ] --START--
INFO: Run Behavior\ReadHtmlCacheBehavior [ RunTime:0.001099s ]
INFO: [ app_begin ] --END-- [ RunTime:0.001353s ]
INFO: [ view_parse ] --START--
INFO: [ template_filter ] --START--
INFO: Run Behavior\ContentReplaceBehavior [ RunTime:0.000070s ]
INFO: [ template_filter ] --END-- [ RunTime:0.000243s ]
NOTIC: [8] Undefined variable: output /Users/tangyihang/Desktop/cai/夺宝备份/com_duobao_www/Application/Runtime/Cache/Vip/aae6a1494940c900ac212ff688a049ec.php 第 6 行.
INFO: Run Behavior\ParseTemplateBehavior [ RunTime:0.037189s ]
INFO: [ view_parse ] --END-- [ RunTime:0.037430s ]
INFO: [ view_filter ] --START--
INFO: Run Behavior\WriteHtmlCacheBehavior [ RunTime:0.000345s ]
INFO: Run Behavior\TokenBuildBehavior [ RunTime:0.000433s ]
INFO: [ view_filter ] --END-- [ RunTime:0.001019s ]
INFO: [ app_end ] --START--
INFO: Run Behavior\ShowPageTraceBehavior [ RunTime:0.001132s ]
INFO: [ app_end ] --END-- [ RunTime:0.001378s ]

[ 2018-12-25T16:34:10+08:00 ] ::1 /vip/user/set
INFO: [ app_init ] --START--
INFO: Run Behavior\BuildLiteBehavior [ RunTime:0.000048s ]
INFO: [ app_init ] --END-- [ RunTime:0.004272s ]
INFO: [ app_begin ] --START--
INFO: Run Behavior\ReadHtmlCacheBehavior [ RunTime:0.003463s ]
INFO: [ app_begin ] --END-- [ RunTime:0.003753s ]
NOTIC: [2] Creating default object from empty value /Users/tangyihang/Desktop/cai/夺宝备份/com_duobao_www/Application/Vip/Controller/UserController.class.php 第 49 行.
NOTIC: [2] call_user_func() expects parameter 1 to be a valid callback, no array or string given /Users/tangyihang/Desktop/cai/夺宝备份/com_duobao_www/ThinkPHP/Library/Think/Upload.class.php 第 170 行.
NOTIC: [8] Undefined index: Expires /Users/tangyihang/Desktop/cai/夺宝备份/com_duobao_www/ThinkPHP/Library/Think/Upload/Driver/Qiniu/QiniuStorage.class.php 第 45 行.
NOTIC: [8] Undefined index: saveName /Users/tangyihang/Desktop/cai/夺宝备份/com_duobao_www/ThinkPHP/Library/Think/Upload/Driver/Qiniu/QiniuStorage.class.php 第 80 行.
NOTIC: [8] Undefined index: custom_fields /Users/tangyihang/Desktop/cai/夺宝备份/com_duobao_www/ThinkPHP/Library/Think/Upload/Driver/Qiniu/QiniuStorage.class.php 第 83 行.
SQL: SHOW COLUMNS FROM `sh_user` [ RunTime:0.0109s ]
SQL: UPDATE `sh_user` SET `nickname`='222',`headimgurl`='http://pk9qxycsb.bkt.clouddn.com/5c21eb822295a.png' WHERE `id` = 2 [ RunTime:0.0040s ]

[ 2018-12-25T16:34:12+08:00 ] ::1 /vip
INFO: [ app_init ] --START--
INFO: Run Behavior\BuildLiteBehavior [ RunTime:0.000081s ]
INFO: [ app_init ] --END-- [ RunTime:0.003516s ]
INFO: [ app_begin ] --START--
INFO: Run Behavior\ReadHtmlCacheBehavior [ RunTime:0.001079s ]
INFO: [ app_begin ] --END-- [ RunTime:0.001434s ]
SQL: SHOW COLUMNS FROM `sh_user` [ RunTime:0.0077s ]
SQL: SELECT * FROM `sh_user` WHERE `id` = 2 LIMIT 1   [ RunTime:0.0004s ]
SQL: SHOW COLUMNS FROM `sh_order` [ RunTime:0.0066s ]
SQL: SELECT SUM(goods_num) AS tp_sum FROM `sh_order` WHERE `user_id` = 2 AND `result` = 2 LIMIT 1   [ RunTime:0.0022s ]
SQL: SELECT * FROM `sh_user` WHERE `id` = 2 LIMIT 1   [ RunTime:0.0004s ]
SQL: SELECT * FROM `sh_order` WHERE ( `pay_time` >= '2018-12-25 00:00:00' AND `pay_time` <= '2018-12-25 23:59:59'  ) AND `pay_status` = 1 AND `user_id` = 2  [ RunTime:0.0012s ]
SQL: SELECT * FROM `sh_order` WHERE ( `pay_time` >= '2018-12-25 00:00:00' AND `pay_time` <= '2018-12-25 23:59:59'  ) AND `pay_status` = 1 AND `user_id` = 2 AND `result` = 1  [ RunTime:0.0010s ]
SQL: SELECT * FROM `sh_order` WHERE ( `pay_time` >= '2018-12-25 00:00:00' AND `pay_time` <= '2018-12-25 23:59:59'  ) AND `pay_status` = 1 AND `user_id` = 2 AND `result` = 2  [ RunTime:0.0011s ]
INFO: [ view_parse ] --START--
INFO: [ template_filter ] --START--
INFO: Run Behavior\ContentReplaceBehavior [ RunTime:0.000079s ]
INFO: [ template_filter ] --END-- [ RunTime:0.000222s ]
INFO: Run Behavior\ParseTemplateBehavior [ RunTime:0.079437s ]
INFO: [ view_parse ] --END-- [ RunTime:0.079579s ]
INFO: [ view_filter ] --START--
INFO: Run Behavior\WriteHtmlCacheBehavior [ RunTime:0.000921s ]
INFO: Run Behavior\TokenBuildBehavior [ RunTime:0.000747s ]
INFO: [ view_filter ] --END-- [ RunTime:0.002096s ]
INFO: [ app_end ] --START--
INFO: Run Behavior\ShowPageTraceBehavior [ RunTime:0.001237s ]
INFO: [ app_end ] --END-- [ RunTime:0.001484s ]

[ 2018-12-25T16:34:13+08:00 ] ::1 /Vip/Tui/tui_advance?phone=18146518940
INFO: [ app_init ] --START--
INFO: Run Behavior\BuildLiteBehavior [ RunTime:0.000087s ]
INFO: [ app_init ] --END-- [ RunTime:0.000620s ]
INFO: [ app_begin ] --START--
INFO: Run Behavior\ReadHtmlCacheBehavior [ RunTime:0.001748s ]
INFO: [ app_begin ] --END-- [ RunTime:0.002038s ]
SQL: SHOW COLUMNS FROM `sh_user` [ RunTime:0.0070s ]
SQL: SELECT * FROM `sh_user` WHERE `phone` = '18146518940' LIMIT 1   [ RunTime:0.0007s ]
SQL: SELECT * FROM `sh_user` WHERE (  `phone` = '18146518940' ) LIMIT 1   [ RunTime:0.0006s ]
SQL: SHOW COLUMNS FROM `sh_order` [ RunTime:0.0078s ]
SQL: call showUserSonOrderByTime(2,0, 10) [ RunTime:0.0330s ]
SQL: call showUserSonOrderSum(2) [ RunTime:0.0208s ]
SQL: call showUserSonOrderSumToday(2, 20181225) [ RunTime:0.0185s ]
SQL: SHOW COLUMNS FROM `sh_set` [ RunTime:0.0053s ]
SQL: SELECT * FROM `sh_set` LIMIT 1   [ RunTime:0.0003s ]
INFO: [ view_parse ] --START--
INFO: [ template_filter ] --START--
INFO: Run Behavior\ContentReplaceBehavior [ RunTime:0.000164s ]
INFO: [ template_filter ] --END-- [ RunTime:0.000426s ]
NOTIC: [8] Undefined index: title /Users/tangyihang/Desktop/cai/夺宝备份/com_duobao_www/Application/Runtime/Cache/Vip/2e597a34cab55314a6210cb73677f01e.php 第 6 行.
NOTIC: [8] Undefined index: member /Users/tangyihang/Desktop/cai/夺宝备份/com_duobao_www/Application/Runtime/Cache/Vip/2e597a34cab55314a6210cb73677f01e.php 第 49 行.
INFO: Run Behavior\ParseTemplateBehavior [ RunTime:0.028158s ]
INFO: [ view_parse ] --END-- [ RunTime:0.028434s ]
INFO: [ view_filter ] --START--
INFO: Run Behavior\WriteHtmlCacheBehavior [ RunTime:0.000252s ]
INFO: Run Behavior\TokenBuildBehavior [ RunTime:0.000332s ]
INFO: [ view_filter ] --END-- [ RunTime:0.000777s ]
INFO: [ app_end ] --START--
INFO: Run Behavior\ShowPageTraceBehavior [ RunTime:0.000526s ]
INFO: [ app_end ] --END-- [ RunTime:0.000637s ]

[ 2018-12-25T16:34:31+08:00 ] ::1 /Vip/Tui/tui_advance?phone=18146518940
INFO: [ app_init ] --START--
INFO: Run Behavior\BuildLiteBehavior [ RunTime:0.000065s ]
INFO: [ app_init ] --END-- [ RunTime:0.004246s ]
INFO: [ app_begin ] --START--
INFO: Run Behavior\ReadHtmlCacheBehavior [ RunTime:0.082746s ]
INFO: [ app_begin ] --END-- [ RunTime:0.083010s ]
SQL: SHOW COLUMNS FROM `sh_user` [ RunTime:0.0148s ]
SQL: SELECT * FROM `sh_user` WHERE `phone` = '18146518940' LIMIT 1   [ RunTime:0.0003s ]
SQL: SELECT * FROM `sh_user` WHERE (  `phone` = '18146518940' ) LIMIT 1   [ RunTime:0.0003s ]
SQL: SHOW COLUMNS FROM `sh_order` [ RunTime:0.0094s ]
SQL: call showUserSonOrderByTime(2,0, 10) [ RunTime:0.0187s ]
SQL: call showUserSonOrderSum(2) [ RunTime:0.0137s ]
SQL: call showUserSonOrderSumToday(2, 20181225) [ RunTime:0.0173s ]
SQL: SHOW COLUMNS FROM `sh_set` [ RunTime:0.0070s ]
SQL: SELECT * FROM `sh_set` LIMIT 1   [ RunTime:0.0004s ]
INFO: [ view_parse ] --START--
INFO: [ template_filter ] --START--
INFO: Run Behavior\ContentReplaceBehavior [ RunTime:0.000122s ]
INFO: [ template_filter ] --END-- [ RunTime:0.000346s ]
NOTIC: [8] Undefined index: title /Users/tangyihang/Desktop/cai/夺宝备份/com_duobao_www/Application/Runtime/Cache/Vip/2e597a34cab55314a6210cb73677f01e.php 第 6 行.
NOTIC: [8] Undefined index: member /Users/tangyihang/Desktop/cai/夺宝备份/com_duobao_www/Application/Runtime/Cache/Vip/2e597a34cab55314a6210cb73677f01e.php 第 49 行.
INFO: Run Behavior\ParseTemplateBehavior [ RunTime:0.631254s ]
INFO: [ view_parse ] --END-- [ RunTime:0.631455s ]
INFO: [ view_filter ] --START--
INFO: Run Behavior\WriteHtmlCacheBehavior [ RunTime:0.119706s ]
INFO: Run Behavior\TokenBuildBehavior [ RunTime:0.041670s ]
INFO: [ view_filter ] --END-- [ RunTime:0.161665s ]
INFO: [ app_end ] --START--
INFO: Run Behavior\ShowPageTraceBehavior [ RunTime:0.083034s ]
INFO: [ app_end ] --END-- [ RunTime:0.083257s ]

[ 2018-12-25T16:34:31+08:00 ] ::1 /Vip/Tui/tui_advance?phone=18146518940
INFO: [ app_init ] --START--
INFO: Run Behavior\BuildLiteBehavior [ RunTime:0.000035s ]
INFO: [ app_init ] --END-- [ RunTime:0.000618s ]
INFO: [ app_begin ] --START--
INFO: Run Behavior\ReadHtmlCacheBehavior [ RunTime:0.000541s ]
INFO: [ app_begin ] --END-- [ RunTime:0.000665s ]
SQL: SHOW COLUMNS FROM `sh_user` [ RunTime:0.0071s ]
SQL: SELECT * FROM `sh_user` WHERE `phone` = '18146518940' LIMIT 1   [ RunTime:0.0004s ]
SQL: SELECT * FROM `sh_user` WHERE (  `phone` = '18146518940' ) LIMIT 1   [ RunTime:0.0006s ]
SQL: SHOW COLUMNS FROM `sh_order` [ RunTime:0.0074s ]
SQL: call showUserSonOrderByTime(2,0, 10) [ RunTime:0.0147s ]
SQL: call showUserSonOrderSum(2) [ RunTime:0.0142s ]
SQL: call showUserSonOrderSumToday(2, 20181225) [ RunTime:0.0154s ]
SQL: SHOW COLUMNS FROM `sh_set` [ RunTime:0.0081s ]
SQL: SELECT * FROM `sh_set` LIMIT 1   [ RunTime:0.0003s ]
INFO: [ view_parse ] --START--
INFO: [ template_filter ] --START--
INFO: Run Behavior\ContentReplaceBehavior [ RunTime:0.000083s ]
INFO: [ template_filter ] --END-- [ RunTime:0.000227s ]
NOTIC: [8] Undefined index: title /Users/tangyihang/Desktop/cai/夺宝备份/com_duobao_www/Application/Runtime/Cache/Vip/2e597a34cab55314a6210cb73677f01e.php 第 6 行.
NOTIC: [8] Undefined index: member /Users/tangyihang/Desktop/cai/夺宝备份/com_duobao_www/Application/Runtime/Cache/Vip/2e597a34cab55314a6210cb73677f01e.php 第 49 行.
INFO: Run Behavior\ParseTemplateBehavior [ RunTime:0.023246s ]
INFO: [ view_parse ] --END-- [ RunTime:0.023407s ]
INFO: [ view_filter ] --START--
INFO: Run Behavior\WriteHtmlCacheBehavior [ RunTime:0.000654s ]
INFO: Run Behavior\TokenBuildBehavior [ RunTime:0.000535s ]
INFO: [ view_filter ] --END-- [ RunTime:0.001513s ]
INFO: [ app_end ] --START--
INFO: Run Behavior\ShowPageTraceBehavior [ RunTime:0.001019s ]
INFO: [ app_end ] --END-- [ RunTime:0.001294s ]

[ 2018-12-25T16:35:52+08:00 ] ::1 /vip/index/logout
INFO: [ app_init ] --START--
INFO: Run Behavior\BuildLiteBehavior [ RunTime:0.000089s ]
INFO: [ app_init ] --END-- [ RunTime:0.004687s ]
INFO: [ app_begin ] --START--
INFO: Run Behavior\ReadHtmlCacheBehavior [ RunTime:0.004586s ]
INFO: [ app_begin ] --END-- [ RunTime:0.004783s ]

[ 2018-12-25T16:36:11+08:00 ] ::1 /vip
INFO: [ app_init ] --START--
INFO: Run Behavior\BuildLiteBehavior [ RunTime:0.000055s ]
INFO: [ app_init ] --END-- [ RunTime:0.001274s ]
INFO: [ app_begin ] --START--
INFO: Run Behavior\ReadHtmlCacheBehavior [ RunTime:0.000998s ]
INFO: [ app_begin ] --END-- [ RunTime:0.001222s ]
SQL: SHOW COLUMNS FROM `sh_user` [ RunTime:0.0071s ]
SQL: SELECT * FROM `sh_user` WHERE `id` = 1 LIMIT 1   [ RunTime:0.0004s ]
SQL: SHOW COLUMNS FROM `sh_order` [ RunTime:0.0086s ]
SQL: SELECT SUM(goods_num) AS tp_sum FROM `sh_order` WHERE `user_id` = 1 AND `result` = 2 LIMIT 1   [ RunTime:0.0004s ]
SQL: SELECT * FROM `sh_user` WHERE `id` = 1 LIMIT 1   [ RunTime:0.0004s ]
SQL: SELECT * FROM `sh_order` WHERE ( `pay_time` >= '2018-12-25 00:00:00' AND `pay_time` <= '2018-12-25 23:59:59'  ) AND `pay_status` = 1 AND `user_id` = 1  [ RunTime:0.0005s ]
SQL: SELECT * FROM `sh_order` WHERE ( `pay_time` >= '2018-12-25 00:00:00' AND `pay_time` <= '2018-12-25 23:59:59'  ) AND `pay_status` = 1 AND `user_id` = 1 AND `result` = 1  [ RunTime:0.0005s ]
SQL: SELECT * FROM `sh_order` WHERE ( `pay_time` >= '2018-12-25 00:00:00' AND `pay_time` <= '2018-12-25 23:59:59'  ) AND `pay_status` = 1 AND `user_id` = 1 AND `result` = 2  [ RunTime:0.0005s ]
INFO: [ view_parse ] --START--
INFO: [ template_filter ] --START--
INFO: Run Behavior\ContentReplaceBehavior [ RunTime:0.000071s ]
INFO: [ template_filter ] --END-- [ RunTime:0.000200s ]
INFO: Run Behavior\ParseTemplateBehavior [ RunTime:0.089349s ]
INFO: [ view_parse ] --END-- [ RunTime:0.089549s ]
INFO: [ view_filter ] --START--
INFO: Run Behavior\WriteHtmlCacheBehavior [ RunTime:0.000633s ]
INFO: Run Behavior\TokenBuildBehavior [ RunTime:0.000428s ]
INFO: [ view_filter ] --END-- [ RunTime:0.001548s ]
INFO: [ app_end ] --START--
INFO: Run Behavior\ShowPageTraceBehavior [ RunTime:0.000556s ]
INFO: [ app_end ] --END-- [ RunTime:0.000678s ]

[ 2018-12-25T16:36:12+08:00 ] ::1 /Vip/Tui/tui_advance?phone=13987654321
INFO: [ app_init ] --START--
INFO: Run Behavior\BuildLiteBehavior [ RunTime:0.000062s ]
INFO: [ app_init ] --END-- [ RunTime:0.000958s ]
INFO: [ app_begin ] --START--
INFO: Run Behavior\ReadHtmlCacheBehavior [ RunTime:0.000710s ]
INFO: [ app_begin ] --END-- [ RunTime:0.000873s ]
SQL: SHOW COLUMNS FROM `sh_user` [ RunTime:0.0044s ]
SQL: SELECT * FROM `sh_user` WHERE `phone` = '13987654321' LIMIT 1   [ RunTime:0.0003s ]
SQL: SELECT * FROM `sh_user` WHERE (  `phone` = '13987654321' ) LIMIT 1   [ RunTime:0.0005s ]
SQL: SHOW COLUMNS FROM `sh_order` [ RunTime:0.0069s ]
SQL: call showUserSonOrderByTime(1,0, 10) [ RunTime:0.0263s ]
SQL: call showUserSonOrderSum(1) [ RunTime:0.0193s ]
SQL: call showUserSonOrderSumToday(1, 20181225) [ RunTime:0.0253s ]
SQL: SHOW COLUMNS FROM `sh_set` [ RunTime:0.0075s ]
SQL: SELECT * FROM `sh_set` LIMIT 1   [ RunTime:0.0004s ]
INFO: [ view_parse ] --START--
INFO: [ template_filter ] --START--
INFO: Run Behavior\ContentReplaceBehavior [ RunTime:0.000079s ]
INFO: [ template_filter ] --END-- [ RunTime:0.000221s ]
NOTIC: [8] Undefined index: title /Users/tangyihang/Desktop/cai/夺宝备份/com_duobao_www/Application/Runtime/Cache/Vip/2e597a34cab55314a6210cb73677f01e.php 第 6 行.
NOTIC: [8] Undefined index: member /Users/tangyihang/Desktop/cai/夺宝备份/com_duobao_www/Application/Runtime/Cache/Vip/2e597a34cab55314a6210cb73677f01e.php 第 49 行.
INFO: Run Behavior\ParseTemplateBehavior [ RunTime:0.027444s ]
INFO: [ view_parse ] --END-- [ RunTime:0.027871s ]
INFO: [ view_filter ] --START--
INFO: Run Behavior\WriteHtmlCacheBehavior [ RunTime:0.000663s ]
INFO: Run Behavior\TokenBuildBehavior [ RunTime:0.000907s ]
INFO: [ view_filter ] --END-- [ RunTime:0.001957s ]
INFO: [ app_end ] --START--
INFO: Run Behavior\ShowPageTraceBehavior [ RunTime:0.000784s ]
INFO: [ app_end ] --END-- [ RunTime:0.000946s ]

