[ 2018-12-29T18:05:44+08:00 ] ::1 /vip
INFO: [ app_init ] --START--
INFO: Run Behavior\BuildLiteBehavior [ RunTime:0.000027s ]
INFO: [ app_init ] --END-- [ RunTime:0.000630s ]
INFO: [ app_begin ] --START--
INFO: Run Behavior\ReadHtmlCacheBehavior [ RunTime:0.001438s ]
INFO: [ app_begin ] --END-- [ RunTime:0.003570s ]
SQL: SHOW COLUMNS FROM `sh_user` [ RunTime:0.0073s ]
SQL: SELECT * FROM `sh_user` WHERE `id` = 1 LIMIT 1   [ RunTime:0.0005s ]
SQL: SHOW COLUMNS FROM `sh_order` [ RunTime:0.0103s ]
SQL: SELECT SUM(goods_num) AS tp_sum FROM `sh_order` WHERE `user_id` = 1 AND `result` = 2 LIMIT 1   [ RunTime:0.0046s ]
SQL: SELECT * FROM `sh_user` WHERE `id` = 1 LIMIT 1   [ RunTime:0.0009s ]
SQL: SELECT * FROM `sh_order` WHERE ( `pay_time` >= '2018-12-29 00:00:00' AND `pay_time` <= '2018-12-29 23:59:59'  ) AND `pay_status` = 1 AND `user_id` = 1  [ RunTime:0.0045s ]
SQL: SELECT * FROM `sh_order` WHERE ( `pay_time` >= '2018-12-29 00:00:00' AND `pay_time` <= '2018-12-29 23:59:59'  ) AND `pay_status` = 1 AND `user_id` = 1 AND `result` = 1  [ RunTime:0.0008s ]
SQL: SELECT * FROM `sh_order` WHERE ( `pay_time` >= '2018-12-29 00:00:00' AND `pay_time` <= '2018-12-29 23:59:59'  ) AND `pay_status` = 1 AND `user_id` = 1 AND `result` = 2  [ RunTime:0.0008s ]
INFO: [ view_parse ] --START--
INFO: [ template_filter ] --START--
INFO: Run Behavior\ContentReplaceBehavior [ RunTime:0.000176s ]
INFO: [ template_filter ] --END-- [ RunTime:0.000369s ]
INFO: Run Behavior\ParseTemplateBehavior [ RunTime:0.053945s ]
INFO: [ view_parse ] --END-- [ RunTime:0.094780s ]
INFO: [ view_filter ] --START--
INFO: Run Behavior\WriteHtmlCacheBehavior [ RunTime:0.000294s ]
INFO: Run Behavior\TokenBuildBehavior [ RunTime:0.000351s ]
INFO: [ view_filter ] --END-- [ RunTime:0.001022s ]
INFO: [ app_end ] --START--
INFO: Run Behavior\ShowPageTraceBehavior [ RunTime:0.000676s ]
INFO: [ app_end ] --END-- [ RunTime:0.000812s ]

[ 2018-12-29T18:05:46+08:00 ] ::1 /vip/points/index
INFO: [ app_init ] --START--
INFO: Run Behavior\BuildLiteBehavior [ RunTime:0.000026s ]
INFO: [ app_init ] --END-- [ RunTime:0.000650s ]
INFO: [ app_begin ] --START--
INFO: Run Behavior\ReadHtmlCacheBehavior [ RunTime:0.001038s ]
INFO: [ app_begin ] --END-- [ RunTime:0.001204s ]
NOTIC: [2048] Declaration of Vip\Controller\PointsController::get() should be compatible with Think\Controller::get($name = '') /Users/tangyihang/Desktop/cai/夺宝备份/com_duobao_www/Application/Vip/Controller/PointsController.class.php 第 8 行.
INFO: [ view_parse ] --START--
INFO: [ template_filter ] --START--
INFO: Run Behavior\ContentReplaceBehavior [ RunTime:0.000072s ]
INFO: [ template_filter ] --END-- [ RunTime:0.000194s ]
NOTIC: [8] Undefined variable: output /Users/tangyihang/Desktop/cai/夺宝备份/com_duobao_www/Application/Runtime/Cache/Vip/10e97dde5ec623c2711c5fc5e2a0c519.php 第 6 行.
INFO: Run Behavior\ParseTemplateBehavior [ RunTime:0.024604s ]
INFO: [ view_parse ] --END-- [ RunTime:0.024820s ]
INFO: [ view_filter ] --START--
INFO: Run Behavior\WriteHtmlCacheBehavior [ RunTime:0.000223s ]
INFO: Run Behavior\TokenBuildBehavior [ RunTime:0.000533s ]
INFO: [ view_filter ] --END-- [ RunTime:0.000960s ]
INFO: [ app_end ] --START--
INFO: Run Behavior\ShowPageTraceBehavior [ RunTime:0.001263s ]
INFO: [ app_end ] --END-- [ RunTime:0.001565s ]

[ 2018-12-29T18:05:54+08:00 ] ::1 /vip
INFO: [ app_init ] --START--
INFO: Run Behavior\BuildLiteBehavior [ RunTime:0.000029s ]
INFO: [ app_init ] --END-- [ RunTime:0.000472s ]
INFO: [ app_begin ] --START--
INFO: Run Behavior\ReadHtmlCacheBehavior [ RunTime:0.002563s ]
INFO: [ app_begin ] --END-- [ RunTime:0.003127s ]
SQL: SHOW COLUMNS FROM `sh_user` [ RunTime:0.0073s ]
SQL: SELECT * FROM `sh_user` WHERE `id` = 1 LIMIT 1   [ RunTime:0.0004s ]
SQL: SHOW COLUMNS FROM `sh_order` [ RunTime:0.0109s ]
SQL: SELECT SUM(goods_num) AS tp_sum FROM `sh_order` WHERE `user_id` = 1 AND `result` = 2 LIMIT 1   [ RunTime:0.0003s ]
SQL: SELECT * FROM `sh_user` WHERE `id` = 1 LIMIT 1   [ RunTime:0.0003s ]
SQL: SELECT * FROM `sh_order` WHERE ( `pay_time` >= '2018-12-29 00:00:00' AND `pay_time` <= '2018-12-29 23:59:59'  ) AND `pay_status` = 1 AND `user_id` = 1  [ RunTime:0.0003s ]
SQL: SELECT * FROM `sh_order` WHERE ( `pay_time` >= '2018-12-29 00:00:00' AND `pay_time` <= '2018-12-29 23:59:59'  ) AND `pay_status` = 1 AND `user_id` = 1 AND `result` = 1  [ RunTime:0.0003s ]
SQL: SELECT * FROM `sh_order` WHERE ( `pay_time` >= '2018-12-29 00:00:00' AND `pay_time` <= '2018-12-29 23:59:59'  ) AND `pay_status` = 1 AND `user_id` = 1 AND `result` = 2  [ RunTime:0.0003s ]
INFO: [ view_parse ] --START--
INFO: [ template_filter ] --START--
INFO: Run Behavior\ContentReplaceBehavior [ RunTime:0.000070s ]
INFO: [ template_filter ] --END-- [ RunTime:0.000193s ]
INFO: Run Behavior\ParseTemplateBehavior [ RunTime:0.022691s ]
INFO: [ view_parse ] --END-- [ RunTime:0.023067s ]
INFO: [ view_filter ] --START--
INFO: Run Behavior\WriteHtmlCacheBehavior [ RunTime:0.001088s ]
INFO: Run Behavior\TokenBuildBehavior [ RunTime:0.001552s ]
INFO: [ view_filter ] --END-- [ RunTime:0.003304s ]
INFO: [ app_end ] --START--
INFO: Run Behavior\ShowPageTraceBehavior [ RunTime:0.001977s ]
INFO: [ app_end ] --END-- [ RunTime:0.002427s ]

[ 2018-12-29T18:06:00+08:00 ] ::1 /Vip/Tui/tui_advance?phone=13987654321
INFO: [ app_init ] --START--
INFO: Run Behavior\BuildLiteBehavior [ RunTime:0.000028s ]
INFO: [ app_init ] --END-- [ RunTime:0.000551s ]
INFO: [ app_begin ] --START--
INFO: Run Behavior\ReadHtmlCacheBehavior [ RunTime:0.001236s ]
INFO: [ app_begin ] --END-- [ RunTime:0.001466s ]
SQL: SHOW COLUMNS FROM `sh_user` [ RunTime:0.0092s ]
SQL: SELECT * FROM `sh_user` WHERE `phone` = '13987654321' LIMIT 1   [ RunTime:0.0009s ]
SQL: SELECT * FROM `sh_user` WHERE (  `phone` = '13987654321' ) LIMIT 1   [ RunTime:0.0012s ]
SQL: SHOW COLUMNS FROM `sh_order` [ RunTime:0.0075s ]
SQL: call showUserSonOrderByTime(1,0, 10) [ RunTime:0.1298s ]
SQL: call showUserSonOrderSum(1) [ RunTime:0.0940s ]
SQL: call showUserSonOrderSumToday(1, 20181229) [ RunTime:0.1018s ]
SQL: SHOW COLUMNS FROM `sh_set` [ RunTime:0.0111s ]
SQL: SELECT * FROM `sh_set` LIMIT 1   [ RunTime:0.0014s ]
INFO: [ view_parse ] --START--
INFO: [ template_filter ] --START--
INFO: Run Behavior\ContentReplaceBehavior [ RunTime:0.000073s ]
INFO: [ template_filter ] --END-- [ RunTime:0.000200s ]
NOTIC: [8] Undefined index: title /Users/tangyihang/Desktop/cai/夺宝备份/com_duobao_www/Application/Runtime/Cache/Vip/2e597a34cab55314a6210cb73677f01e.php 第 6 行.
NOTIC: [8] Undefined index: member /Users/tangyihang/Desktop/cai/夺宝备份/com_duobao_www/Application/Runtime/Cache/Vip/2e597a34cab55314a6210cb73677f01e.php 第 49 行.
INFO: Run Behavior\ParseTemplateBehavior [ RunTime:0.023226s ]
INFO: [ view_parse ] --END-- [ RunTime:0.023539s ]
INFO: [ view_filter ] --START--
INFO: Run Behavior\WriteHtmlCacheBehavior [ RunTime:0.000225s ]
INFO: Run Behavior\TokenBuildBehavior [ RunTime:0.000320s ]
INFO: [ view_filter ] --END-- [ RunTime:0.000711s ]
INFO: [ app_end ] --START--
INFO: Run Behavior\ShowPageTraceBehavior [ RunTime:0.000561s ]
INFO: [ app_end ] --END-- [ RunTime:0.000667s ]

[ 2018-12-29T18:06:05+08:00 ] ::1 /vip
INFO: [ app_init ] --START--
INFO: Run Behavior\BuildLiteBehavior [ RunTime:0.000027s ]
INFO: [ app_init ] --END-- [ RunTime:0.000438s ]
INFO: [ app_begin ] --START--
INFO: Run Behavior\ReadHtmlCacheBehavior [ RunTime:0.000642s ]
INFO: [ app_begin ] --END-- [ RunTime:0.000759s ]
SQL: SHOW COLUMNS FROM `sh_user` [ RunTime:0.0050s ]
SQL: SELECT * FROM `sh_user` WHERE `id` = 1 LIMIT 1   [ RunTime:0.0006s ]
SQL: SHOW COLUMNS FROM `sh_order` [ RunTime:0.0089s ]
SQL: SELECT SUM(goods_num) AS tp_sum FROM `sh_order` WHERE `user_id` = 1 AND `result` = 2 LIMIT 1   [ RunTime:0.0003s ]
SQL: SELECT * FROM `sh_user` WHERE `id` = 1 LIMIT 1   [ RunTime:0.0002s ]
SQL: SELECT * FROM `sh_order` WHERE ( `pay_time` >= '2018-12-29 00:00:00' AND `pay_time` <= '2018-12-29 23:59:59'  ) AND `pay_status` = 1 AND `user_id` = 1  [ RunTime:0.0002s ]
SQL: SELECT * FROM `sh_order` WHERE ( `pay_time` >= '2018-12-29 00:00:00' AND `pay_time` <= '2018-12-29 23:59:59'  ) AND `pay_status` = 1 AND `user_id` = 1 AND `result` = 1  [ RunTime:0.0003s ]
SQL: SELECT * FROM `sh_order` WHERE ( `pay_time` >= '2018-12-29 00:00:00' AND `pay_time` <= '2018-12-29 23:59:59'  ) AND `pay_status` = 1 AND `user_id` = 1 AND `result` = 2  [ RunTime:0.0002s ]
INFO: [ view_parse ] --START--
INFO: [ template_filter ] --START--
INFO: Run Behavior\ContentReplaceBehavior [ RunTime:0.000319s ]
INFO: [ template_filter ] --END-- [ RunTime:0.000579s ]
INFO: Run Behavior\ParseTemplateBehavior [ RunTime:0.026846s ]
INFO: [ view_parse ] --END-- [ RunTime:0.027007s ]
INFO: [ view_filter ] --START--
INFO: Run Behavior\WriteHtmlCacheBehavior [ RunTime:0.000268s ]
INFO: Run Behavior\TokenBuildBehavior [ RunTime:0.000373s ]
INFO: [ view_filter ] --END-- [ RunTime:0.000830s ]
INFO: [ app_end ] --START--
INFO: Run Behavior\ShowPageTraceBehavior [ RunTime:0.000616s ]
INFO: [ app_end ] --END-- [ RunTime:0.000740s ]

[ 2018-12-29T18:06:06+08:00 ] ::1 /vip/points/index
INFO: [ app_init ] --START--
INFO: Run Behavior\BuildLiteBehavior [ RunTime:0.000027s ]
INFO: [ app_init ] --END-- [ RunTime:0.000441s ]
INFO: [ app_begin ] --START--
INFO: Run Behavior\ReadHtmlCacheBehavior [ RunTime:0.000509s ]
INFO: [ app_begin ] --END-- [ RunTime:0.000621s ]
NOTIC: [2048] Declaration of Vip\Controller\PointsController::get() should be compatible with Think\Controller::get($name = '') /Users/tangyihang/Desktop/cai/夺宝备份/com_duobao_www/Application/Vip/Controller/PointsController.class.php 第 8 行.
INFO: [ view_parse ] --START--
INFO: [ template_filter ] --START--
INFO: Run Behavior\ContentReplaceBehavior [ RunTime:0.000061s ]
INFO: [ template_filter ] --END-- [ RunTime:0.000178s ]
NOTIC: [8] Undefined variable: output /Users/tangyihang/Desktop/cai/夺宝备份/com_duobao_www/Application/Runtime/Cache/Vip/10e97dde5ec623c2711c5fc5e2a0c519.php 第 6 行.
INFO: Run Behavior\ParseTemplateBehavior [ RunTime:0.013086s ]
INFO: [ view_parse ] --END-- [ RunTime:0.013201s ]
INFO: [ view_filter ] --START--
INFO: Run Behavior\WriteHtmlCacheBehavior [ RunTime:0.000225s ]
INFO: Run Behavior\TokenBuildBehavior [ RunTime:0.000320s ]
INFO: [ view_filter ] --END-- [ RunTime:0.000711s ]
INFO: [ app_end ] --START--
INFO: Run Behavior\ShowPageTraceBehavior [ RunTime:0.000558s ]
INFO: [ app_end ] --END-- [ RunTime:0.000666s ]

[ 2018-12-29T18:06:10+08:00 ] ::1 /vip/points/submit
INFO: [ app_init ] --START--
INFO: Run Behavior\BuildLiteBehavior [ RunTime:0.000025s ]
INFO: [ app_init ] --END-- [ RunTime:0.000438s ]
INFO: [ app_begin ] --START--
INFO: Run Behavior\ReadHtmlCacheBehavior [ RunTime:0.001626s ]
INFO: [ app_begin ] --END-- [ RunTime:0.001788s ]
NOTIC: [2048] Declaration of Vip\Controller\PointsController::get() should be compatible with Think\Controller::get($name = '') /Users/tangyihang/Desktop/cai/夺宝备份/com_duobao_www/Application/Vip/Controller/PointsController.class.php 第 8 行.

[ 2018-12-29T18:06:15+08:00 ] ::1 /vip/points/submit
INFO: [ app_init ] --START--
INFO: Run Behavior\BuildLiteBehavior [ RunTime:0.000026s ]
INFO: [ app_init ] --END-- [ RunTime:0.000431s ]
INFO: [ app_begin ] --START--
INFO: Run Behavior\ReadHtmlCacheBehavior [ RunTime:0.000503s ]
INFO: [ app_begin ] --END-- [ RunTime:0.000602s ]
NOTIC: [2048] Declaration of Vip\Controller\PointsController::get() should be compatible with Think\Controller::get($name = '') /Users/tangyihang/Desktop/cai/夺宝备份/com_duobao_www/Application/Vip/Controller/PointsController.class.php 第 8 行.
SQL: SHOW COLUMNS FROM `sh_points_order` [ RunTime:0.0092s ]
SQL: INSERT INTO `sh_points_order` (`order_id`,`user_id`,`created`,`money`,`pay_type`) VALUES ('18122918061583943','1','2018-12-29 18:06:15','100','1') [ RunTime:0.0032s ]

